2020/08/06 07:14:29: Ceiling Accuracy 1: 0.99 5: 1.00 10: 1.00 Half: 1.00

2020/08/06 07:14:29:     Epoch 1 Loss | total: 1319.8 | cycle: 102 | f_dist: 115 | g_dist: 126 | f_sup: 531 | g_sup: 446        f(x) Accuracy | 1: 0.01 | 5: 0.04 | 10: 0.07 | half: 0.54        g(y) Accuracy | 1: 0.01 | 5: 0.03 | 10: 0.08 | half: 0.62
2020/08/06 07:14:29:     Epoch 3 Loss | total: 553.61 | cycle: 41.6 | f_dist: 71.7 | g_dist: 58.6 | f_sup: 187 | g_sup: 194        f(x) Accuracy | 1: 0.02 | 5: 0.12 | 10: 0.27 | half: 0.80        g(y) Accuracy | 1: 0.02 | 5: 0.10 | 10: 0.23 | half: 0.81
2020/08/06 07:14:29:     Epoch 5 Loss | total: 549.99 | cycle: 71.7 | f_dist: 94.8 | g_dist: 75.4 | f_sup: 147 | g_sup: 161        f(x) Accuracy | 1: 0.10 | 5: 0.23 | 10: 0.32 | half: 0.79        g(y) Accuracy | 1: 0.08 | 5: 0.24 | 10: 0.32 | half: 0.79
2020/08/06 07:14:29:     Epoch 7 Loss | total: 547.23 | cycle: 60.9 | f_dist: 50 | g_dist: 59.1 | f_sup: 193 | g_sup: 184        f(x) Accuracy | 1: 0.03 | 5: 0.17 | 10: 0.27 | half: 0.75        g(y) Accuracy | 1: 0.03 | 5: 0.15 | 10: 0.25 | half: 0.75
2020/08/06 07:14:30:     Epoch 9 Loss | total: 516.59 | cycle: 44.2 | f_dist: 48.4 | g_dist: 50.7 | f_sup: 191 | g_sup: 183        f(x) Accuracy | 1: 0.09 | 5: 0.20 | 10: 0.31 | half: 0.75        g(y) Accuracy | 1: 0.09 | 5: 0.20 | 10: 0.31 | half: 0.77
2020/08/06 07:14:30:     Epoch 11 Loss | total: 508.1 | cycle: 40.5 | f_dist: 61.3 | g_dist: 55.5 | f_sup: 173 | g_sup: 178        f(x) Accuracy | 1: 0.08 | 5: 0.23 | 10: 0.31 | half: 0.78        g(y) Accuracy | 1: 0.06 | 5: 0.20 | 10: 0.32 | half: 0.78
2020/08/06 07:14:30:     Epoch 13 Loss | total: 502.18 | cycle: 41 | f_dist: 62.1 | g_dist: 61.5 | f_sup: 168 | g_sup: 169        f(x) Accuracy | 1: 0.10 | 5: 0.20 | 10: 0.30 | half: 0.77        g(y) Accuracy | 1: 0.11 | 5: 0.22 | 10: 0.30 | half: 0.77
2020/08/06 07:14:30:     Epoch 15 Loss | total: 513.03 | cycle: 51.3 | f_dist: 56.9 | g_dist: 60 | f_sup: 175 | g_sup: 170        f(x) Accuracy | 1: 0.10 | 5: 0.20 | 10: 0.33 | half: 0.77        g(y) Accuracy | 1: 0.10 | 5: 0.21 | 10: 0.32 | half: 0.77
2020/08/06 07:14:30:     Epoch 17 Loss | total: 506.38 | cycle: 44.1 | f_dist: 55.5 | g_dist: 56.1 | f_sup: 177 | g_sup: 174        f(x) Accuracy | 1: 0.10 | 5: 0.20 | 10: 0.31 | half: 0.77        g(y) Accuracy | 1: 0.10 | 5: 0.20 | 10: 0.32 | half: 0.77
2020/08/06 07:14:31:     Epoch 19 Loss | total: 514.66 | cycle: 53 | f_dist: 58.3 | g_dist: 56.4 | f_sup: 173 | g_sup: 174        f(x) Accuracy | 1: 0.10 | 5: 0.21 | 10: 0.30 | half: 0.77        g(y) Accuracy | 1: 0.10 | 5: 0.20 | 10: 0.31 | half: 0.77
2020/08/06 07:14:31:     Epoch 21 Loss | total: 512.09 | cycle: 51 | f_dist: 58.1 | g_dist: 58.2 | f_sup: 173 | g_sup: 172        f(x) Accuracy | 1: 0.10 | 5: 0.20 | 10: 0.32 | half: 0.77        g(y) Accuracy | 1: 0.11 | 5: 0.21 | 10: 0.30 | half: 0.77
2020/08/06 07:14:31:     Epoch 23 Loss | total: 505.71 | cycle: 45.5 | f_dist: 57.4 | g_dist: 58.6 | f_sup: 173 | g_sup: 171        f(x) Accuracy | 1: 0.10 | 5: 0.20 | 10: 0.32 | half: 0.77        g(y) Accuracy | 1: 0.10 | 5: 0.20 | 10: 0.32 | half: 0.77
2020/08/06 07:14:31:     Epoch 25 Loss | total: 510.13 | cycle: 49.7 | f_dist: 57.2 | g_dist: 57.3 | f_sup: 174 | g_sup: 172        f(x) Accuracy | 1: 0.10 | 5: 0.20 | 10: 0.32 | half: 0.77        g(y) Accuracy | 1: 0.10 | 5: 0.20 | 10: 0.32 | half: 0.77
2020/08/06 07:14:31:     Epoch 27 Loss | total: 510.58 | cycle: 50.2 | f_dist: 57.1 | g_dist: 57 | f_sup: 174 | g_sup: 173        f(x) Accuracy | 1: 0.10 | 5: 0.20 | 10: 0.32 | half: 0.77        g(y) Accuracy | 1: 0.11 | 5: 0.21 | 10: 0.31 | half: 0.77
2020/08/06 07:14:32:     Epoch 29 Loss | total: 504.26 | cycle: 44.4 | f_dist: 57.2 | g_dist: 57.9 | f_sup: 174 | g_sup: 171        f(x) Accuracy | 1: 0.10 | 5: 0.20 | 10: 0.32 | half: 0.77        g(y) Accuracy | 1: 0.11 | 5: 0.21 | 10: 0.31 | half: 0.77
2020/08/06 07:14:32:     Epoch 31 Loss | total: 510.55 | cycle: 51 | f_dist: 57.3 | g_dist: 57.9 | f_sup: 173 | g_sup: 171        f(x) Accuracy | 1: 0.10 | 5: 0.20 | 10: 0.32 | half: 0.77        g(y) Accuracy | 1: 0.10 | 5: 0.20 | 10: 0.32 | half: 0.78
2020/08/06 07:14:32:     Epoch 33 Loss | total: 503.88 | cycle: 44.4 | f_dist: 57.2 | g_dist: 57.1 | f_sup: 173 | g_sup: 172        f(x) Accuracy | 1: 0.10 | 5: 0.20 | 10: 0.32 | half: 0.77        g(y) Accuracy | 1: 0.11 | 5: 0.21 | 10: 0.31 | half: 0.77
2020/08/06 07:14:32:     Epoch 35 Loss | total: 505 | cycle: 46.1 | f_dist: 57.2 | g_dist: 57.6 | f_sup: 173 | g_sup: 171        f(x) Accuracy | 1: 0.10 | 5: 0.20 | 10: 0.32 | half: 0.77        g(y) Accuracy | 1: 0.11 | 5: 0.21 | 10: 0.31 | half: 0.77
2020/08/06 07:14:32:     Epoch 37 Loss | total: 507.85 | cycle: 49.1 | f_dist: 57.2 | g_dist: 57.5 | f_sup: 173 | g_sup: 171        f(x) Accuracy | 1: 0.10 | 5: 0.20 | 10: 0.32 | half: 0.77        g(y) Accuracy | 1: 0.11 | 5: 0.20 | 10: 0.32 | half: 0.77
2020/08/06 07:14:32:     Epoch 39 Loss | total: 504.47 | cycle: 45.9 | f_dist: 56.9 | g_dist: 57.6 | f_sup: 173 | g_sup: 171        f(x) Accuracy | 1: 0.10 | 5: 0.20 | 10: 0.32 | half: 0.77        g(y) Accuracy | 1: 0.11 | 5: 0.20 | 10: 0.32 | half: 0.77
2020/08/06 07:14:33:     Epoch 41 Loss | total: 509.29 | cycle: 51.3 | f_dist: 57.3 | g_dist: 57.4 | f_sup: 172 | g_sup: 171        f(x) Accuracy | 1: 0.10 | 5: 0.20 | 10: 0.32 | half: 0.77        g(y) Accuracy | 1: 0.10 | 5: 0.20 | 10: 0.32 | half: 0.77
2020/08/06 07:14:33:     Epoch 43 Loss | total: 509.72 | cycle: 51.6 | f_dist: 57.1 | g_dist: 57 | f_sup: 172 | g_sup: 171        f(x) Accuracy | 1: 0.10 | 5: 0.20 | 10: 0.32 | half: 0.77        g(y) Accuracy | 1: 0.11 | 5: 0.22 | 10: 0.32 | half: 0.77
2020/08/06 07:14:33:     Epoch 45 Loss | total: 504.99 | cycle: 47.5 | f_dist: 57 | g_dist: 57.1 | f_sup: 172 | g_sup: 171        f(x) Accuracy | 1: 0.10 | 5: 0.20 | 10: 0.32 | half: 0.77        g(y) Accuracy | 1: 0.11 | 5: 0.22 | 10: 0.32 | half: 0.77
2020/08/06 07:14:33:     Epoch 47 Loss | total: 502.07 | cycle: 44.7 | f_dist: 56.9 | g_dist: 57.4 | f_sup: 173 | g_sup: 171        f(x) Accuracy | 1: 0.10 | 5: 0.20 | 10: 0.32 | half: 0.77        g(y) Accuracy | 1: 0.10 | 5: 0.20 | 10: 0.32 | half: 0.77
2020/08/06 07:14:33:     Epoch 49 Loss | total: 504.67 | cycle: 47.8 | f_dist: 57.2 | g_dist: 57.3 | f_sup: 172 | g_sup: 171        f(x) Accuracy | 1: 0.10 | 5: 0.20 | 10: 0.32 | half: 0.77        g(y) Accuracy | 1: 0.11 | 5: 0.20 | 10: 0.31 | half: 0.77
2020/08/06 07:14:34:     Epoch 51 Loss | total: 505.9 | cycle: 49.3 | f_dist: 57.4 | g_dist: 57.2 | f_sup: 172 | g_sup: 170        f(x) Accuracy | 1: 0.10 | 5: 0.21 | 10: 0.32 | half: 0.77        g(y) Accuracy | 1: 0.11 | 5: 0.21 | 10: 0.31 | half: 0.77
2020/08/06 07:14:34:     Epoch 53 Loss | total: 510.38 | cycle: 53.9 | f_dist: 56.7 | g_dist: 57.6 | f_sup: 172 | g_sup: 170        f(x) Accuracy | 1: 0.10 | 5: 0.20 | 10: 0.32 | half: 0.77        g(y) Accuracy | 1: 0.11 | 5: 0.20 | 10: 0.32 | half: 0.77
2020/08/06 07:14:34:     Epoch 55 Loss | total: 505.03 | cycle: 49 | f_dist: 57 | g_dist: 57.2 | f_sup: 172 | g_sup: 170        f(x) Accuracy | 1: 0.10 | 5: 0.20 | 10: 0.32 | half: 0.77        g(y) Accuracy | 1: 0.11 | 5: 0.20 | 10: 0.32 | half: 0.77
2020/08/06 07:14:34:     Epoch 57 Loss | total: 499.37 | cycle: 43.5 | f_dist: 56.9 | g_dist: 57.1 | f_sup: 172 | g_sup: 170        f(x) Accuracy | 1: 0.10 | 5: 0.20 | 10: 0.32 | half: 0.77        g(y) Accuracy | 1: 0.11 | 5: 0.21 | 10: 0.31 | half: 0.77
2020/08/06 07:14:34:     Epoch 59 Loss | total: 496.45 | cycle: 40.9 | f_dist: 56.9 | g_dist: 57.2 | f_sup: 171 | g_sup: 170        f(x) Accuracy | 1: 0.10 | 5: 0.20 | 10: 0.32 | half: 0.77        g(y) Accuracy | 1: 0.11 | 5: 0.20 | 10: 0.32 | half: 0.77
2020/08/06 07:14:34:     Epoch 61 Loss | total: 499.81 | cycle: 44.6 | f_dist: 57.1 | g_dist: 57.3 | f_sup: 171 | g_sup: 170        f(x) Accuracy | 1: 0.10 | 5: 0.21 | 10: 0.32 | half: 0.77        g(y) Accuracy | 1: 0.11 | 5: 0.21 | 10: 0.31 | half: 0.77
2020/08/06 07:14:35:     Epoch 63 Loss | total: 497.91 | cycle: 42.9 | f_dist: 56.8 | g_dist: 57.3 | f_sup: 171 | g_sup: 170        f(x) Accuracy | 1: 0.10 | 5: 0.20 | 10: 0.32 | half: 0.77        g(y) Accuracy | 1: 0.11 | 5: 0.20 | 10: 0.32 | half: 0.77
2020/08/06 07:14:35:     Epoch 65 Loss | total: 500.85 | cycle: 46.4 | f_dist: 57 | g_dist: 57.3 | f_sup: 171 | g_sup: 169        f(x) Accuracy | 1: 0.10 | 5: 0.20 | 10: 0.32 | half: 0.77        g(y) Accuracy | 1: 0.10 | 5: 0.20 | 10: 0.32 | half: 0.77
2020/08/06 07:14:35:     Epoch 67 Loss | total: 502.71 | cycle: 48.4 | f_dist: 56.8 | g_dist: 57.2 | f_sup: 171 | g_sup: 169        f(x) Accuracy | 1: 0.10 | 5: 0.20 | 10: 0.32 | half: 0.77        g(y) Accuracy | 1: 0.10 | 5: 0.20 | 10: 0.31 | half: 0.77
2020/08/06 07:14:35:     Epoch 69 Loss | total: 504.05 | cycle: 50.2 | f_dist: 56.8 | g_dist: 57.1 | f_sup: 171 | g_sup: 169        f(x) Accuracy | 1: 0.10 | 5: 0.20 | 10: 0.32 | half: 0.77        g(y) Accuracy | 1: 0.10 | 5: 0.22 | 10: 0.31 | half: 0.77
2020/08/06 07:14:36:     Epoch 71 Loss | total: 504.2 | cycle: 50.7 | f_dist: 56.8 | g_dist: 57.1 | f_sup: 170 | g_sup: 169        f(x) Accuracy | 1: 0.10 | 5: 0.20 | 10: 0.32 | half: 0.77        g(y) Accuracy | 1: 0.10 | 5: 0.21 | 10: 0.32 | half: 0.77
2020/08/06 07:14:36:     Epoch 73 Loss | total: 495.41 | cycle: 42.2 | f_dist: 56.7 | g_dist: 56.9 | f_sup: 171 | g_sup: 169        f(x) Accuracy | 1: 0.10 | 5: 0.20 | 10: 0.32 | half: 0.77        g(y) Accuracy | 1: 0.10 | 5: 0.21 | 10: 0.32 | half: 0.77
2020/08/06 07:14:36:     Epoch 75 Loss | total: 499.72 | cycle: 46.8 | f_dist: 56.6 | g_dist: 57 | f_sup: 170 | g_sup: 169        f(x) Accuracy | 1: 0.10 | 5: 0.20 | 10: 0.32 | half: 0.77        g(y) Accuracy | 1: 0.10 | 5: 0.20 | 10: 0.31 | half: 0.77
2020/08/06 07:14:36:     Epoch 77 Loss | total: 505.08 | cycle: 52.7 | f_dist: 56.9 | g_dist: 57 | f_sup: 170 | g_sup: 169        f(x) Accuracy | 1: 0.10 | 5: 0.20 | 10: 0.32 | half: 0.77        g(y) Accuracy | 1: 0.10 | 5: 0.20 | 10: 0.31 | half: 0.77
2020/08/06 07:14:36:     Epoch 79 Loss | total: 492.8 | cycle: 40.9 | f_dist: 56.7 | g_dist: 57 | f_sup: 170 | g_sup: 168        f(x) Accuracy | 1: 0.10 | 5: 0.21 | 10: 0.32 | half: 0.77        g(y) Accuracy | 1: 0.10 | 5: 0.20 | 10: 0.31 | half: 0.77
2020/08/06 07:14:36:     Epoch 81 Loss | total: 496.01 | cycle: 44.5 | f_dist: 56.6 | g_dist: 56.9 | f_sup: 170 | g_sup: 168        f(x) Accuracy | 1: 0.10 | 5: 0.20 | 10: 0.32 | half: 0.77        g(y) Accuracy | 1: 0.10 | 5: 0.20 | 10: 0.32 | half: 0.77
2020/08/06 07:14:37:     Epoch 83 Loss | total: 500.64 | cycle: 49.9 | f_dist: 56.6 | g_dist: 57.1 | f_sup: 169 | g_sup: 168        f(x) Accuracy | 1: 0.10 | 5: 0.20 | 10: 0.32 | half: 0.77        g(y) Accuracy | 1: 0.10 | 5: 0.20 | 10: 0.32 | half: 0.77
2020/08/06 07:14:37:     Epoch 85 Loss | total: 503.35 | cycle: 53.2 | f_dist: 57 | g_dist: 56.9 | f_sup: 169 | g_sup: 168        f(x) Accuracy | 1: 0.10 | 5: 0.21 | 10: 0.31 | half: 0.77        g(y) Accuracy | 1: 0.10 | 5: 0.20 | 10: 0.32 | half: 0.77
2020/08/06 07:14:37:     Epoch 87 Loss | total: 500.66 | cycle: 51.4 | f_dist: 56.7 | g_dist: 56.8 | f_sup: 168 | g_sup: 167        f(x) Accuracy | 1: 0.10 | 5: 0.21 | 10: 0.32 | half: 0.77        g(y) Accuracy | 1: 0.10 | 5: 0.21 | 10: 0.31 | half: 0.77
2020/08/06 07:14:37:     Epoch 89 Loss | total: 491.54 | cycle: 43.2 | f_dist: 56.5 | g_dist: 56.7 | f_sup: 168 | g_sup: 167        f(x) Accuracy | 1: 0.10 | 5: 0.20 | 10: 0.32 | half: 0.77        g(y) Accuracy | 1: 0.10 | 5: 0.20 | 10: 0.32 | half: 0.77
2020/08/06 07:14:37:     Epoch 91 Loss | total: 489.65 | cycle: 42.2 | f_dist: 56.5 | g_dist: 56.4 | f_sup: 167 | g_sup: 167        f(x) Accuracy | 1: 0.10 | 5: 0.21 | 10: 0.31 | half: 0.77        g(y) Accuracy | 1: 0.10 | 5: 0.21 | 10: 0.30 | half: 0.77
2020/08/06 07:14:38:     Epoch 93 Loss | total: 489.36 | cycle: 43.7 | f_dist: 56.3 | g_dist: 56.3 | f_sup: 167 | g_sup: 166        f(x) Accuracy | 1: 0.10 | 5: 0.22 | 10: 0.31 | half: 0.77        g(y) Accuracy | 1: 0.10 | 5: 0.22 | 10: 0.30 | half: 0.77
2020/08/06 07:14:38:     Epoch 95 Loss | total: 491.73 | cycle: 48 | f_dist: 56.1 | g_dist: 56.5 | f_sup: 166 | g_sup: 165        f(x) Accuracy | 1: 0.10 | 5: 0.20 | 10: 0.30 | half: 0.78        g(y) Accuracy | 1: 0.10 | 5: 0.19 | 10: 0.30 | half: 0.77
2020/08/06 07:14:38:     Epoch 97 Loss | total: 491.09 | cycle: 50 | f_dist: 55.8 | g_dist: 56.1 | f_sup: 164 | g_sup: 165        f(x) Accuracy | 1: 0.09 | 5: 0.21 | 10: 0.32 | half: 0.78        g(y) Accuracy | 1: 0.09 | 5: 0.20 | 10: 0.30 | half: 0.77
2020/08/06 07:14:38:     Epoch 99 Loss | total: 484.17 | cycle: 45.6 | f_dist: 55.2 | g_dist: 55.4 | f_sup: 163 | g_sup: 165        f(x) Accuracy | 1: 0.03 | 5: 0.18 | 10: 0.30 | half: 0.78        g(y) Accuracy | 1: 0.07 | 5: 0.20 | 10: 0.32 | half: 0.78
2020/08/06 07:14:38: Restart:0        f(x) Accuracy | 1: 0.03 | 5: 0.16 | 10: 0.26 | half: 0.75        g(y) Accuracy | 1: 0.07 | 5: 0.21 | 10: 0.29 | half: 0.77    Epoch 100 Loss | total: 488.61 | cycle: 45.6 | f_dist: 55.4 | g_dist: 56.7 | f_sup: 162 | g_sup: 169
2020/08/06 07:14:38:         f(x) Accuracy | 1: 0.03 | 5: 0.16 | 10: 0.26 | half: 0.75        g(y) Accuracy | 1: 0.07 | 5: 0.21 | 10: 0.29 | half: 0.77
