2020/08/06 07:14:05: Ceiling Accuracy 1: 1.00 5: 1.00 10: 1.00 Half: 1.00

2020/08/06 07:14:05:     Epoch 1 Loss | total: 11946 | cycle: 1.16e+03 | f_dist: 2.08e+03 | g_dist: 2.06e+03 | f_sup: 3.45e+03 | g_sup: 3.21e+03        f(x) Accuracy | 1: 0.01 | 5: 0.04 | 10: 0.09 | half: 0.57        g(y) Accuracy | 1: 0.01 | 5: 0.04 | 10: 0.06 | half: 0.51
2020/08/06 07:14:06:     Epoch 3 Loss | total: 7793.6 | cycle: 837 | f_dist: 2e+03 | g_dist: 1.96e+03 | f_sup: 1.57e+03 | g_sup: 1.43e+03        f(x) Accuracy | 1: 0.06 | 5: 0.14 | 10: 0.20 | half: 0.73        g(y) Accuracy | 1: 0.07 | 5: 0.13 | 10: 0.18 | half: 0.70
2020/08/06 07:14:06:     Epoch 5 Loss | total: 5878.5 | cycle: 708 | f_dist: 1.96e+03 | g_dist: 1.91e+03 | f_sup: 714 | g_sup: 592        f(x) Accuracy | 1: 0.11 | 5: 0.23 | 10: 0.28 | half: 0.82        g(y) Accuracy | 1: 0.11 | 5: 0.24 | 10: 0.34 | half: 0.85
2020/08/06 07:14:06:     Epoch 7 Loss | total: 4918.3 | cycle: 589 | f_dist: 1.9e+03 | g_dist: 1.85e+03 | f_sup: 341 | g_sup: 240        f(x) Accuracy | 1: 0.15 | 5: 0.30 | 10: 0.40 | half: 0.89        g(y) Accuracy | 1: 0.18 | 5: 0.41 | 10: 0.49 | half: 0.92
2020/08/06 07:14:07:     Epoch 9 Loss | total: 4383.3 | cycle: 496 | f_dist: 1.82e+03 | g_dist: 1.77e+03 | f_sup: 179 | g_sup: 116        f(x) Accuracy | 1: 0.20 | 5: 0.41 | 10: 0.49 | half: 0.93        g(y) Accuracy | 1: 0.29 | 5: 0.53 | 10: 0.59 | half: 0.94
2020/08/06 07:14:07:     Epoch 11 Loss | total: 4015.6 | cycle: 423 | f_dist: 1.75e+03 | g_dist: 1.67e+03 | f_sup: 95.2 | g_sup: 76.5        f(x) Accuracy | 1: 0.32 | 5: 0.49 | 10: 0.61 | half: 0.94        g(y) Accuracy | 1: 0.40 | 5: 0.59 | 10: 0.68 | half: 0.95
2020/08/06 07:14:08:     Epoch 13 Loss | total: 3705.8 | cycle: 372 | f_dist: 1.67e+03 | g_dist: 1.56e+03 | f_sup: 58.8 | g_sup: 48.1        f(x) Accuracy | 1: 0.42 | 5: 0.60 | 10: 0.72 | half: 0.98        g(y) Accuracy | 1: 0.48 | 5: 0.69 | 10: 0.75 | half: 0.98
2020/08/06 07:14:08:     Epoch 15 Loss | total: 3386.6 | cycle: 326 | f_dist: 1.57e+03 | g_dist: 1.41e+03 | f_sup: 40.3 | g_sup: 38.9        f(x) Accuracy | 1: 0.53 | 5: 0.74 | 10: 0.79 | half: 1.00        g(y) Accuracy | 1: 0.61 | 5: 0.78 | 10: 0.88 | half: 0.99
2020/08/06 07:14:09:     Epoch 17 Loss | total: 2958.9 | cycle: 300 | f_dist: 1.4e+03 | g_dist: 1.2e+03 | f_sup: 30.4 | g_sup: 31        f(x) Accuracy | 1: 0.71 | 5: 0.82 | 10: 0.89 | half: 1.00        g(y) Accuracy | 1: 0.78 | 5: 0.92 | 10: 0.95 | half: 1.00
2020/08/06 07:14:09:     Epoch 19 Loss | total: 2273.2 | cycle: 262 | f_dist: 1.09e+03 | g_dist: 871 | f_sup: 25.1 | g_sup: 24        f(x) Accuracy | 1: 0.88 | 5: 0.98 | 10: 0.99 | half: 1.00        g(y) Accuracy | 1: 0.94 | 5: 0.97 | 10: 0.98 | half: 1.00
2020/08/06 07:14:09:     Epoch 21 Loss | total: 1433.9 | cycle: 221 | f_dist: 638 | g_dist: 534 | f_sup: 22.3 | g_sup: 18.6        f(x) Accuracy | 1: 1.00 | 5: 1.00 | 10: 1.00 | half: 1.00        g(y) Accuracy | 1: 0.99 | 5: 1.00 | 10: 1.00 | half: 1.00
2020/08/06 07:14:10:     Epoch 23 Loss | total: 831.43 | cycle: 175 | f_dist: 333 | g_dist: 291 | f_sup: 18.1 | g_sup: 14.2        f(x) Accuracy | 1: 1.00 | 5: 1.00 | 10: 1.00 | half: 1.00        g(y) Accuracy | 1: 1.00 | 5: 1.00 | 10: 1.00 | half: 1.00
2020/08/06 07:14:10:     Epoch 25 Loss | total: 470.9 | cycle: 116 | f_dist: 182 | g_dist: 152 | f_sup: 11.3 | g_sup: 9.62        f(x) Accuracy | 1: 1.00 | 5: 1.00 | 10: 1.00 | half: 1.00        g(y) Accuracy | 1: 1.00 | 5: 1.00 | 10: 1.00 | half: 1.00
2020/08/06 07:14:11:     Epoch 27 Loss | total: 264.41 | cycle: 64.6 | f_dist: 106 | g_dist: 80.3 | f_sup: 7.82 | g_sup: 5.72        f(x) Accuracy | 1: 1.00 | 5: 1.00 | 10: 1.00 | half: 1.00        g(y) Accuracy | 1: 1.00 | 5: 1.00 | 10: 1.00 | half: 1.00
2020/08/06 07:14:11:     Epoch 29 Loss | total: 152.12 | cycle: 37.1 | f_dist: 61.7 | g_dist: 44.6 | f_sup: 5.25 | g_sup: 3.55        f(x) Accuracy | 1: 1.00 | 5: 1.00 | 10: 1.00 | half: 1.00        g(y) Accuracy | 1: 1.00 | 5: 1.00 | 10: 1.00 | half: 1.00
2020/08/06 07:14:12:     Epoch 31 Loss | total: 84.377 | cycle: 19.3 | f_dist: 34.6 | g_dist: 25.7 | f_sup: 2.86 | g_sup: 2.01        f(x) Accuracy | 1: 1.00 | 5: 1.00 | 10: 1.00 | half: 1.00        g(y) Accuracy | 1: 1.00 | 5: 1.00 | 10: 1.00 | half: 1.00
2020/08/06 07:14:12:     Epoch 33 Loss | total: 44.185 | cycle: 8.26 | f_dist: 18.8 | g_dist: 14.7 | f_sup: 1.2 | g_sup: 1.14        f(x) Accuracy | 1: 1.00 | 5: 1.00 | 10: 1.00 | half: 1.00        g(y) Accuracy | 1: 1.00 | 5: 1.00 | 10: 1.00 | half: 1.00
2020/08/06 07:14:12:     Epoch 35 Loss | total: 23.247 | cycle: 3.29 | f_dist: 10.6 | g_dist: 8.24 | f_sup: 0.558 | g_sup: 0.576        f(x) Accuracy | 1: 1.00 | 5: 1.00 | 10: 1.00 | half: 1.00        g(y) Accuracy | 1: 1.00 | 5: 1.00 | 10: 1.00 | half: 1.00
2020/08/06 07:14:13:     Epoch 37 Loss | total: 13.027 | cycle: 1.67 | f_dist: 6.12 | g_dist: 4.53 | f_sup: 0.361 | g_sup: 0.338        f(x) Accuracy | 1: 1.00 | 5: 1.00 | 10: 1.00 | half: 1.00        g(y) Accuracy | 1: 1.00 | 5: 1.00 | 10: 1.00 | half: 1.00
2020/08/06 07:14:13:     Epoch 39 Loss | total: 7.8749 | cycle: 1.1 | f_dist: 3.55 | g_dist: 2.72 | f_sup: 0.267 | g_sup: 0.232        f(x) Accuracy | 1: 1.00 | 5: 1.00 | 10: 1.00 | half: 1.00        g(y) Accuracy | 1: 1.00 | 5: 1.00 | 10: 1.00 | half: 1.00
2020/08/06 07:14:14:     Epoch 41 Loss | total: 5.3491 | cycle: 0.9 | f_dist: 2.22 | g_dist: 1.84 | f_sup: 0.202 | g_sup: 0.181        f(x) Accuracy | 1: 1.00 | 5: 1.00 | 10: 1.00 | half: 1.00        g(y) Accuracy | 1: 1.00 | 5: 1.00 | 10: 1.00 | half: 1.00
2020/08/06 07:14:14:     Epoch 43 Loss | total: 4.1613 | cycle: 0.815 | f_dist: 1.6 | g_dist: 1.42 | f_sup: 0.162 | g_sup: 0.158        f(x) Accuracy | 1: 1.00 | 5: 1.00 | 10: 1.00 | half: 1.00        g(y) Accuracy | 1: 1.00 | 5: 1.00 | 10: 1.00 | half: 1.00
2020/08/06 07:14:15:     Epoch 45 Loss | total: 3.598 | cycle: 0.757 | f_dist: 1.32 | g_dist: 1.23 | f_sup: 0.142 | g_sup: 0.144        f(x) Accuracy | 1: 1.00 | 5: 1.00 | 10: 1.00 | half: 1.00        g(y) Accuracy | 1: 1.00 | 5: 1.00 | 10: 1.00 | half: 1.00
2020/08/06 07:14:15:     Epoch 47 Loss | total: 3.4113 | cycle: 0.789 | f_dist: 1.2 | g_dist: 1.14 | f_sup: 0.14 | g_sup: 0.14        f(x) Accuracy | 1: 1.00 | 5: 1.00 | 10: 1.00 | half: 1.00        g(y) Accuracy | 1: 1.00 | 5: 1.00 | 10: 1.00 | half: 1.00
2020/08/06 07:14:16:     Epoch 49 Loss | total: 3.3474 | cycle: 0.805 | f_dist: 1.15 | g_dist: 1.1 | f_sup: 0.151 | g_sup: 0.142        f(x) Accuracy | 1: 1.00 | 5: 1.00 | 10: 1.00 | half: 1.00        g(y) Accuracy | 1: 1.00 | 5: 1.00 | 10: 1.00 | half: 1.00
2020/08/06 07:14:16:     Epoch 51 Loss | total: 3.3025 | cycle: 0.744 | f_dist: 1.12 | g_dist: 1.09 | f_sup: 0.197 | g_sup: 0.15        f(x) Accuracy | 1: 1.00 | 5: 1.00 | 10: 1.00 | half: 1.00        g(y) Accuracy | 1: 1.00 | 5: 1.00 | 10: 1.00 | half: 1.00
2020/08/06 07:14:16:     Epoch 53 Loss | total: 3.5558 | cycle: 0.797 | f_dist: 1.12 | g_dist: 1.09 | f_sup: 0.379 | g_sup: 0.173        f(x) Accuracy | 1: 1.00 | 5: 1.00 | 10: 1.00 | half: 1.00        g(y) Accuracy | 1: 1.00 | 5: 1.00 | 10: 1.00 | half: 1.00
