2020/07/29 20:02:34:     Epoch 1 Loss | total: 4.0658e+05 | cycle: 1.87e+04 | f_dist: 4.79e+04 | g_dist: 3.76e+04 | f_sup: 1.64e+05 | g_sup: 1.38e+05        f(x) Accuracy | 1: 0.01 | 5: 0.02 | 10: 0.03 | half: 0.49        g(y) Accuracy | 1: 0.00 | 5: 0.01 | 10: 0.03 | half: 0.53
2020/07/29 20:02:34:     Epoch 3 Loss | total: 3.3461e+05 | cycle: 1.29e+04 | f_dist: 4.03e+04 | g_dist: 3.2e+04 | f_sup: 1.35e+05 | g_sup: 1.15e+05        f(x) Accuracy | 1: 0.01 | 5: 0.03 | 10: 0.05 | half: 0.62        g(y) Accuracy | 1: 0.01 | 5: 0.02 | 10: 0.03 | half: 0.67
2020/07/29 20:02:35:     Epoch 5 Loss | total: 3.0497e+05 | cycle: 1.22e+04 | f_dist: 3.85e+04 | g_dist: 3.01e+04 | f_sup: 1.21e+05 | g_sup: 1.03e+05        f(x) Accuracy | 1: 0.01 | 5: 0.04 | 10: 0.07 | half: 0.71        g(y) Accuracy | 1: 0.01 | 5: 0.04 | 10: 0.07 | half: 0.75
2020/07/29 20:02:36:     Epoch 7 Loss | total: 2.8809e+05 | cycle: 1.03e+04 | f_dist: 3.73e+04 | g_dist: 2.91e+04 | f_sup: 1.14e+05 | g_sup: 9.71e+04        f(x) Accuracy | 1: 0.01 | 5: 0.05 | 10: 0.09 | half: 0.74        g(y) Accuracy | 1: 0.02 | 5: 0.05 | 10: 0.07 | half: 0.78
2020/07/29 20:02:37:     Epoch 9 Loss | total: 2.7789e+05 | cycle: 9.58e+03 | f_dist: 3.66e+04 | g_dist: 2.85e+04 | f_sup: 1.1e+05 | g_sup: 9.3e+04        f(x) Accuracy | 1: 0.01 | 5: 0.05 | 10: 0.10 | half: 0.75        g(y) Accuracy | 1: 0.02 | 5: 0.05 | 10: 0.08 | half: 0.77
2020/07/29 20:02:38:     Epoch 11 Loss | total: 2.7151e+05 | cycle: 8.78e+03 | f_dist: 3.62e+04 | g_dist: 2.81e+04 | f_sup: 1.08e+05 | g_sup: 9.08e+04        f(x) Accuracy | 1: 0.01 | 5: 0.06 | 10: 0.11 | half: 0.76        g(y) Accuracy | 1: 0.02 | 5: 0.06 | 10: 0.11 | half: 0.79
2020/07/29 20:02:39:     Epoch 13 Loss | total: 2.6693e+05 | cycle: 8.37e+03 | f_dist: 3.56e+04 | g_dist: 2.77e+04 | f_sup: 1.06e+05 | g_sup: 8.92e+04        f(x) Accuracy | 1: 0.01 | 5: 0.07 | 10: 0.12 | half: 0.76        g(y) Accuracy | 1: 0.02 | 5: 0.07 | 10: 0.12 | half: 0.79
2020/07/29 20:02:40:     Epoch 15 Loss | total: 2.6411e+05 | cycle: 8.81e+03 | f_dist: 3.5e+04 | g_dist: 2.75e+04 | f_sup: 1.05e+05 | g_sup: 8.81e+04        f(x) Accuracy | 1: 0.02 | 5: 0.08 | 10: 0.14 | half: 0.77        g(y) Accuracy | 1: 0.03 | 5: 0.07 | 10: 0.12 | half: 0.80
2020/07/29 20:02:40:     Epoch 17 Loss | total: 2.6059e+05 | cycle: 8.06e+03 | f_dist: 3.46e+04 | g_dist: 2.73e+04 | f_sup: 1.04e+05 | g_sup: 8.71e+04        f(x) Accuracy | 1: 0.02 | 5: 0.09 | 10: 0.14 | half: 0.78        g(y) Accuracy | 1: 0.03 | 5: 0.09 | 10: 0.12 | half: 0.81
2020/07/29 20:02:41:     Epoch 19 Loss | total: 2.5779e+05 | cycle: 8.05e+03 | f_dist: 3.42e+04 | g_dist: 2.72e+04 | f_sup: 1.02e+05 | g_sup: 8.59e+04        f(x) Accuracy | 1: 0.02 | 5: 0.09 | 10: 0.15 | half: 0.78        g(y) Accuracy | 1: 0.03 | 5: 0.09 | 10: 0.13 | half: 0.81
2020/07/29 20:02:42:     Epoch 21 Loss | total: 2.5445e+05 | cycle: 7.51e+03 | f_dist: 3.39e+04 | g_dist: 2.7e+04 | f_sup: 1.01e+05 | g_sup: 8.47e+04        f(x) Accuracy | 1: 0.02 | 5: 0.10 | 10: 0.16 | half: 0.79        g(y) Accuracy | 1: 0.03 | 5: 0.09 | 10: 0.14 | half: 0.81
2020/07/29 20:02:43:     Epoch 23 Loss | total: 2.5176e+05 | cycle: 7.85e+03 | f_dist: 3.37e+04 | g_dist: 2.69e+04 | f_sup: 9.99e+04 | g_sup: 8.34e+04        f(x) Accuracy | 1: 0.02 | 5: 0.10 | 10: 0.17 | half: 0.79        g(y) Accuracy | 1: 0.03 | 5: 0.09 | 10: 0.14 | half: 0.82
2020/07/29 20:02:44:     Epoch 25 Loss | total: 2.4693e+05 | cycle: 6.46e+03 | f_dist: 3.35e+04 | g_dist: 2.67e+04 | f_sup: 9.84e+04 | g_sup: 8.18e+04        f(x) Accuracy | 1: 0.03 | 5: 0.11 | 10: 0.17 | half: 0.79        g(y) Accuracy | 1: 0.03 | 5: 0.09 | 10: 0.15 | half: 0.83
2020/07/29 20:02:45:     Epoch 27 Loss | total: 2.4404e+05 | cycle: 7.33e+03 | f_dist: 3.33e+04 | g_dist: 2.66e+04 | f_sup: 9.67e+04 | g_sup: 8.01e+04        f(x) Accuracy | 1: 0.03 | 5: 0.11 | 10: 0.18 | half: 0.79        g(y) Accuracy | 1: 0.04 | 5: 0.10 | 10: 0.16 | half: 0.83
2020/07/29 20:02:46:     Epoch 29 Loss | total: 2.4049e+05 | cycle: 7.75e+03 | f_dist: 3.3e+04 | g_dist: 2.64e+04 | f_sup: 9.5e+04 | g_sup: 7.84e+04        f(x) Accuracy | 1: 0.03 | 5: 0.12 | 10: 0.18 | half: 0.80        g(y) Accuracy | 1: 0.04 | 5: 0.10 | 10: 0.17 | half: 0.83
2020/07/29 20:02:47:     Epoch 31 Loss | total: 2.3534e+05 | cycle: 6.7e+03 | f_dist: 3.28e+04 | g_dist: 2.62e+04 | f_sup: 9.3e+04 | g_sup: 7.65e+04        f(x) Accuracy | 1: 0.04 | 5: 0.13 | 10: 0.19 | half: 0.80        g(y) Accuracy | 1: 0.04 | 5: 0.10 | 10: 0.18 | half: 0.84
2020/07/29 20:02:47:     Epoch 33 Loss | total: 2.3149e+05 | cycle: 7.15e+03 | f_dist: 3.26e+04 | g_dist: 2.6e+04 | f_sup: 9.11e+04 | g_sup: 7.46e+04        f(x) Accuracy | 1: 0.04 | 5: 0.14 | 10: 0.21 | half: 0.80        g(y) Accuracy | 1: 0.04 | 5: 0.12 | 10: 0.20 | half: 0.84
2020/07/29 20:02:48:     Epoch 35 Loss | total: 2.2767e+05 | cycle: 7.71e+03 | f_dist: 3.24e+04 | g_dist: 2.58e+04 | f_sup: 8.9e+04 | g_sup: 7.27e+04        f(x) Accuracy | 1: 0.05 | 5: 0.15 | 10: 0.22 | half: 0.80        g(y) Accuracy | 1: 0.05 | 5: 0.14 | 10: 0.21 | half: 0.85
2020/07/29 20:02:49:     Epoch 37 Loss | total: 2.2299e+05 | cycle: 7.49e+03 | f_dist: 3.22e+04 | g_dist: 2.55e+04 | f_sup: 8.69e+04 | g_sup: 7.08e+04        f(x) Accuracy | 1: 0.06 | 5: 0.17 | 10: 0.23 | half: 0.81        g(y) Accuracy | 1: 0.05 | 5: 0.14 | 10: 0.22 | half: 0.85
2020/07/29 20:02:50:     Epoch 39 Loss | total: 2.2067e+05 | cycle: 9.25e+03 | f_dist: 3.21e+04 | g_dist: 2.53e+04 | f_sup: 8.51e+04 | g_sup: 6.89e+04        f(x) Accuracy | 1: 0.06 | 5: 0.17 | 10: 0.24 | half: 0.82        g(y) Accuracy | 1: 0.05 | 5: 0.15 | 10: 0.24 | half: 0.85
2020/07/29 20:02:51:     Epoch 41 Loss | total: 2.1712e+05 | cycle: 8.75e+03 | f_dist: 3.19e+04 | g_dist: 2.51e+04 | f_sup: 8.39e+04 | g_sup: 6.75e+04        f(x) Accuracy | 1: 0.07 | 5: 0.19 | 10: 0.24 | half: 0.83        g(y) Accuracy | 1: 0.07 | 5: 0.17 | 10: 0.25 | half: 0.85
2020/07/29 20:02:52:     Epoch 43 Loss | total: 2.1723e+05 | cycle: 1.07e+04 | f_dist: 3.19e+04 | g_dist: 2.48e+04 | f_sup: 8.33e+04 | g_sup: 6.65e+04        f(x) Accuracy | 1: 0.08 | 5: 0.20 | 10: 0.25 | half: 0.82        g(y) Accuracy | 1: 0.07 | 5: 0.18 | 10: 0.26 | half: 0.86
2020/07/29 20:02:53:     Epoch 45 Loss | total: 2.1122e+05 | cycle: 8.74e+03 | f_dist: 3.17e+04 | g_dist: 2.47e+04 | f_sup: 8.06e+04 | g_sup: 6.55e+04        f(x) Accuracy | 1: 0.09 | 5: 0.20 | 10: 0.27 | half: 0.82        g(y) Accuracy | 1: 0.08 | 5: 0.20 | 10: 0.27 | half: 0.86
2020/07/29 20:02:54:     Epoch 47 Loss | total: 2.0525e+05 | cycle: 8.02e+03 | f_dist: 3.13e+04 | g_dist: 2.45e+04 | f_sup: 7.76e+04 | g_sup: 6.39e+04        f(x) Accuracy | 1: 0.09 | 5: 0.21 | 10: 0.27 | half: 0.83        g(y) Accuracy | 1: 0.09 | 5: 0.21 | 10: 0.28 | half: 0.86
2020/07/29 20:02:54:     Epoch 49 Loss | total: 2.0079e+05 | cycle: 7.36e+03 | f_dist: 3.11e+04 | g_dist: 2.44e+04 | f_sup: 7.55e+04 | g_sup: 6.25e+04        f(x) Accuracy | 1: 0.11 | 5: 0.23 | 10: 0.29 | half: 0.84        g(y) Accuracy | 1: 0.09 | 5: 0.21 | 10: 0.31 | half: 0.87
2020/07/29 20:02:55:     Epoch 51 Loss | total: 1.9698e+05 | cycle: 8.05e+03 | f_dist: 3.08e+04 | g_dist: 2.41e+04 | f_sup: 7.36e+04 | g_sup: 6.04e+04        f(x) Accuracy | 1: 0.11 | 5: 0.23 | 10: 0.30 | half: 0.84        g(y) Accuracy | 1: 0.09 | 5: 0.22 | 10: 0.32 | half: 0.86
2020/07/29 20:02:56:     Epoch 53 Loss | total: 1.9274e+05 | cycle: 8.22e+03 | f_dist: 3.07e+04 | g_dist: 2.37e+04 | f_sup: 7.2e+04 | g_sup: 5.82e+04        f(x) Accuracy | 1: 0.13 | 5: 0.24 | 10: 0.31 | half: 0.85        g(y) Accuracy | 1: 0.10 | 5: 0.24 | 10: 0.33 | half: 0.87
2020/07/29 20:02:57:     Epoch 55 Loss | total: 1.9007e+05 | cycle: 9.17e+03 | f_dist: 3.04e+04 | g_dist: 2.35e+04 | f_sup: 7.05e+04 | g_sup: 5.66e+04        f(x) Accuracy | 1: 0.13 | 5: 0.25 | 10: 0.33 | half: 0.85        g(y) Accuracy | 1: 0.11 | 5: 0.26 | 10: 0.34 | half: 0.87
2020/07/29 20:02:58:     Epoch 57 Loss | total: 1.8633e+05 | cycle: 8.94e+03 | f_dist: 3.01e+04 | g_dist: 2.33e+04 | f_sup: 6.86e+04 | g_sup: 5.54e+04        f(x) Accuracy | 1: 0.14 | 5: 0.26 | 10: 0.34 | half: 0.85        g(y) Accuracy | 1: 0.12 | 5: 0.28 | 10: 0.36 | half: 0.87
2020/07/29 20:02:59:     Epoch 59 Loss | total: 1.8196e+05 | cycle: 8.17e+03 | f_dist: 2.98e+04 | g_dist: 2.31e+04 | f_sup: 6.69e+04 | g_sup: 5.39e+04        f(x) Accuracy | 1: 0.14 | 5: 0.28 | 10: 0.34 | half: 0.86        g(y) Accuracy | 1: 0.13 | 5: 0.30 | 10: 0.37 | half: 0.87
2020/07/29 20:03:00:     Epoch 61 Loss | total: 1.7802e+05 | cycle: 7.88e+03 | f_dist: 2.95e+04 | g_dist: 2.28e+04 | f_sup: 6.56e+04 | g_sup: 5.22e+04        f(x) Accuracy | 1: 0.16 | 5: 0.29 | 10: 0.35 | half: 0.86        g(y) Accuracy | 1: 0.14 | 5: 0.32 | 10: 0.36 | half: 0.87
2020/07/29 20:03:01:     Epoch 63 Loss | total: 1.7396e+05 | cycle: 7.91e+03 | f_dist: 2.92e+04 | g_dist: 2.26e+04 | f_sup: 6.38e+04 | g_sup: 5.06e+04        f(x) Accuracy | 1: 0.17 | 5: 0.30 | 10: 0.36 | half: 0.85        g(y) Accuracy | 1: 0.16 | 5: 0.33 | 10: 0.38 | half: 0.87
2020/07/29 20:03:01:     Epoch 65 Loss | total: 1.7005e+05 | cycle: 7.89e+03 | f_dist: 2.88e+04 | g_dist: 2.23e+04 | f_sup: 6.18e+04 | g_sup: 4.92e+04        f(x) Accuracy | 1: 0.17 | 5: 0.31 | 10: 0.38 | half: 0.85        g(y) Accuracy | 1: 0.17 | 5: 0.34 | 10: 0.38 | half: 0.87
2020/07/29 20:03:02:     Epoch 67 Loss | total: 1.6732e+05 | cycle: 8.09e+03 | f_dist: 2.85e+04 | g_dist: 2.22e+04 | f_sup: 6.01e+04 | g_sup: 4.84e+04        f(x) Accuracy | 1: 0.18 | 5: 0.32 | 10: 0.40 | half: 0.85        g(y) Accuracy | 1: 0.18 | 5: 0.34 | 10: 0.39 | half: 0.88
2020/07/29 20:03:03:     Epoch 69 Loss | total: 1.6437e+05 | cycle: 8.23e+03 | f_dist: 2.82e+04 | g_dist: 2.21e+04 | f_sup: 5.85e+04 | g_sup: 4.74e+04        f(x) Accuracy | 1: 0.20 | 5: 0.33 | 10: 0.40 | half: 0.85        g(y) Accuracy | 1: 0.20 | 5: 0.35 | 10: 0.41 | half: 0.88
2020/07/29 20:03:04:     Epoch 71 Loss | total: 1.6149e+05 | cycle: 8.31e+03 | f_dist: 2.79e+04 | g_dist: 2.19e+04 | f_sup: 5.71e+04 | g_sup: 4.63e+04        f(x) Accuracy | 1: 0.21 | 5: 0.34 | 10: 0.41 | half: 0.85        g(y) Accuracy | 1: 0.21 | 5: 0.36 | 10: 0.41 | half: 0.88
2020/07/29 20:03:05:     Epoch 73 Loss | total: 1.5959e+05 | cycle: 9.48e+03 | f_dist: 2.76e+04 | g_dist: 2.16e+04 | f_sup: 5.59e+04 | g_sup: 4.5e+04        f(x) Accuracy | 1: 0.22 | 5: 0.35 | 10: 0.42 | half: 0.85        g(y) Accuracy | 1: 0.22 | 5: 0.36 | 10: 0.42 | half: 0.88
2020/07/29 20:03:06:     Epoch 75 Loss | total: 1.5635e+05 | cycle: 8.56e+03 | f_dist: 2.75e+04 | g_dist: 2.14e+04 | f_sup: 5.51e+04 | g_sup: 4.38e+04        f(x) Accuracy | 1: 0.23 | 5: 0.36 | 10: 0.43 | half: 0.85        g(y) Accuracy | 1: 0.24 | 5: 0.37 | 10: 0.42 | half: 0.87
2020/07/29 20:03:07:     Epoch 77 Loss | total: 1.533e+05 | cycle: 7.83e+03 | f_dist: 2.73e+04 | g_dist: 2.12e+04 | f_sup: 5.42e+04 | g_sup: 4.28e+04        f(x) Accuracy | 1: 0.24 | 5: 0.37 | 10: 0.44 | half: 0.85        g(y) Accuracy | 1: 0.25 | 5: 0.38 | 10: 0.43 | half: 0.88
2020/07/29 20:03:07:     Epoch 79 Loss | total: 1.5018e+05 | cycle: 7.76e+03 | f_dist: 2.7e+04 | g_dist: 2.1e+04 | f_sup: 5.24e+04 | g_sup: 4.2e+04        f(x) Accuracy | 1: 0.25 | 5: 0.38 | 10: 0.45 | half: 0.85        g(y) Accuracy | 1: 0.26 | 5: 0.39 | 10: 0.44 | half: 0.87
2020/07/29 20:03:08:     Epoch 81 Loss | total: 1.4806e+05 | cycle: 8.36e+03 | f_dist: 2.66e+04 | g_dist: 2.09e+04 | f_sup: 5.08e+04 | g_sup: 4.14e+04        f(x) Accuracy | 1: 0.26 | 5: 0.39 | 10: 0.46 | half: 0.85        g(y) Accuracy | 1: 0.27 | 5: 0.39 | 10: 0.44 | half: 0.88
2020/07/29 20:03:09:     Epoch 83 Loss | total: 1.4554e+05 | cycle: 8.06e+03 | f_dist: 2.63e+04 | g_dist: 2.07e+04 | f_sup: 4.97e+04 | g_sup: 4.07e+04        f(x) Accuracy | 1: 0.28 | 5: 0.40 | 10: 0.46 | half: 0.85        g(y) Accuracy | 1: 0.28 | 5: 0.40 | 10: 0.45 | half: 0.88
2020/07/29 20:03:10:     Epoch 85 Loss | total: 1.4308e+05 | cycle: 7.64e+03 | f_dist: 2.61e+04 | g_dist: 2.06e+04 | f_sup: 4.9e+04 | g_sup: 3.98e+04        f(x) Accuracy | 1: 0.28 | 5: 0.41 | 10: 0.47 | half: 0.85        g(y) Accuracy | 1: 0.28 | 5: 0.40 | 10: 0.46 | half: 0.89
2020/07/29 20:03:11:     Epoch 87 Loss | total: 1.4185e+05 | cycle: 8.32e+03 | f_dist: 2.59e+04 | g_dist: 2.04e+04 | f_sup: 4.83e+04 | g_sup: 3.89e+04        f(x) Accuracy | 1: 0.29 | 5: 0.42 | 10: 0.47 | half: 0.85        g(y) Accuracy | 1: 0.28 | 5: 0.41 | 10: 0.47 | half: 0.88
2020/07/29 20:03:12:     Epoch 89 Loss | total: 1.396e+05 | cycle: 8.87e+03 | f_dist: 2.57e+04 | g_dist: 2.02e+04 | f_sup: 4.71e+04 | g_sup: 3.78e+04        f(x) Accuracy | 1: 0.30 | 5: 0.42 | 10: 0.48 | half: 0.85        g(y) Accuracy | 1: 0.29 | 5: 0.41 | 10: 0.47 | half: 0.88
2020/07/29 20:03:13:     Epoch 91 Loss | total: 1.3541e+05 | cycle: 7.92e+03 | f_dist: 2.53e+04 | g_dist: 1.99e+04 | f_sup: 4.55e+04 | g_sup: 3.67e+04        f(x) Accuracy | 1: 0.30 | 5: 0.44 | 10: 0.49 | half: 0.85        g(y) Accuracy | 1: 0.30 | 5: 0.42 | 10: 0.47 | half: 0.88
2020/07/29 20:03:14:     Epoch 93 Loss | total: 1.3259e+05 | cycle: 7.73e+03 | f_dist: 2.51e+04 | g_dist: 1.97e+04 | f_sup: 4.43e+04 | g_sup: 3.57e+04        f(x) Accuracy | 1: 0.31 | 5: 0.45 | 10: 0.50 | half: 0.85        g(y) Accuracy | 1: 0.31 | 5: 0.43 | 10: 0.49 | half: 0.88
2020/07/29 20:03:15:     Epoch 95 Loss | total: 1.3121e+05 | cycle: 8.64e+03 | f_dist: 2.48e+04 | g_dist: 1.96e+04 | f_sup: 4.33e+04 | g_sup: 3.48e+04        f(x) Accuracy | 1: 0.32 | 5: 0.45 | 10: 0.50 | half: 0.85        g(y) Accuracy | 1: 0.31 | 5: 0.44 | 10: 0.49 | half: 0.88
2020/07/29 20:03:15:     Epoch 97 Loss | total: 1.286e+05 | cycle: 8.06e+03 | f_dist: 2.46e+04 | g_dist: 1.94e+04 | f_sup: 4.25e+04 | g_sup: 3.41e+04        f(x) Accuracy | 1: 0.33 | 5: 0.46 | 10: 0.50 | half: 0.85        g(y) Accuracy | 1: 0.31 | 5: 0.45 | 10: 0.49 | half: 0.88
2020/07/29 20:03:16:     Epoch 99 Loss | total: 1.2606e+05 | cycle: 7.5e+03 | f_dist: 2.44e+04 | g_dist: 1.92e+04 | f_sup: 4.16e+04 | g_sup: 3.34e+04        f(x) Accuracy | 1: 0.33 | 5: 0.47 | 10: 0.51 | half: 0.85        g(y) Accuracy | 1: 0.31 | 5: 0.46 | 10: 0.50 | half: 0.88
2020/07/29 20:03:17:     Epoch 101 Loss | total: 1.2482e+05 | cycle: 7.97e+03 | f_dist: 2.43e+04 | g_dist: 1.91e+04 | f_sup: 4.08e+04 | g_sup: 3.27e+04        f(x) Accuracy | 1: 0.34 | 5: 0.47 | 10: 0.52 | half: 0.85        g(y) Accuracy | 1: 0.33 | 5: 0.46 | 10: 0.51 | half: 0.88
2020/07/29 20:03:18:     Epoch 103 Loss | total: 1.2234e+05 | cycle: 7.24e+03 | f_dist: 2.41e+04 | g_dist: 1.89e+04 | f_sup: 4.01e+04 | g_sup: 3.2e+04        f(x) Accuracy | 1: 0.34 | 5: 0.47 | 10: 0.52 | half: 0.85        g(y) Accuracy | 1: 0.33 | 5: 0.47 | 10: 0.50 | half: 0.88
2020/07/29 20:03:19:     Epoch 105 Loss | total: 1.2108e+05 | cycle: 7.74e+03 | f_dist: 2.39e+04 | g_dist: 1.88e+04 | f_sup: 3.92e+04 | g_sup: 3.15e+04        f(x) Accuracy | 1: 0.36 | 5: 0.48 | 10: 0.52 | half: 0.85        g(y) Accuracy | 1: 0.34 | 5: 0.48 | 10: 0.51 | half: 0.88
2020/07/29 20:03:20:     Epoch 107 Loss | total: 1.1943e+05 | cycle: 7.8e+03 | f_dist: 2.37e+04 | g_dist: 1.86e+04 | f_sup: 3.83e+04 | g_sup: 3.1e+04        f(x) Accuracy | 1: 0.36 | 5: 0.48 | 10: 0.53 | half: 0.86        g(y) Accuracy | 1: 0.35 | 5: 0.48 | 10: 0.52 | half: 0.88
2020/07/29 20:03:21:     Epoch 109 Loss | total: 1.1791e+05 | cycle: 7.59e+03 | f_dist: 2.35e+04 | g_dist: 1.85e+04 | f_sup: 3.77e+04 | g_sup: 3.06e+04        f(x) Accuracy | 1: 0.37 | 5: 0.49 | 10: 0.53 | half: 0.85        g(y) Accuracy | 1: 0.36 | 5: 0.49 | 10: 0.52 | half: 0.88
2020/07/29 20:03:22:     Epoch 111 Loss | total: 1.1659e+05 | cycle: 7.64e+03 | f_dist: 2.34e+04 | g_dist: 1.84e+04 | f_sup: 3.71e+04 | g_sup: 3.01e+04        f(x) Accuracy | 1: 0.37 | 5: 0.49 | 10: 0.53 | half: 0.85        g(y) Accuracy | 1: 0.37 | 5: 0.49 | 10: 0.52 | half: 0.88
2020/07/29 20:03:22:     Epoch 113 Loss | total: 1.1449e+05 | cycle: 7.08e+03 | f_dist: 2.32e+04 | g_dist: 1.82e+04 | f_sup: 3.64e+04 | g_sup: 2.96e+04        f(x) Accuracy | 1: 0.37 | 5: 0.50 | 10: 0.54 | half: 0.85        g(y) Accuracy | 1: 0.37 | 5: 0.49 | 10: 0.52 | half: 0.88
2020/07/29 20:03:23:     Epoch 115 Loss | total: 1.1354e+05 | cycle: 7.5e+03 | f_dist: 2.3e+04 | g_dist: 1.81e+04 | f_sup: 3.57e+04 | g_sup: 2.92e+04        f(x) Accuracy | 1: 0.38 | 5: 0.50 | 10: 0.53 | half: 0.85        g(y) Accuracy | 1: 0.38 | 5: 0.50 | 10: 0.52 | half: 0.88
2020/07/29 20:03:24:     Epoch 117 Loss | total: 1.1277e+05 | cycle: 8.48e+03 | f_dist: 2.29e+04 | g_dist: 1.79e+04 | f_sup: 3.51e+04 | g_sup: 2.84e+04        f(x) Accuracy | 1: 0.38 | 5: 0.51 | 10: 0.54 | half: 0.85        g(y) Accuracy | 1: 0.39 | 5: 0.49 | 10: 0.52 | half: 0.88
2020/07/29 20:03:25:     Epoch 119 Loss | total: 1.106e+05 | cycle: 7.94e+03 | f_dist: 2.27e+04 | g_dist: 1.78e+04 | f_sup: 3.45e+04 | g_sup: 2.76e+04        f(x) Accuracy | 1: 0.39 | 5: 0.51 | 10: 0.53 | half: 0.85        g(y) Accuracy | 1: 0.39 | 5: 0.50 | 10: 0.52 | half: 0.88
2020/07/29 20:03:26:     Epoch 121 Loss | total: 1.088e+05 | cycle: 7.73e+03 | f_dist: 2.25e+04 | g_dist: 1.76e+04 | f_sup: 3.39e+04 | g_sup: 2.7e+04        f(x) Accuracy | 1: 0.40 | 5: 0.51 | 10: 0.54 | half: 0.85        g(y) Accuracy | 1: 0.40 | 5: 0.51 | 10: 0.53 | half: 0.88
2020/07/29 20:03:27:     Epoch 123 Loss | total: 1.0768e+05 | cycle: 8.09e+03 | f_dist: 2.24e+04 | g_dist: 1.75e+04 | f_sup: 3.32e+04 | g_sup: 2.65e+04        f(x) Accuracy | 1: 0.40 | 5: 0.51 | 10: 0.55 | half: 0.85        g(y) Accuracy | 1: 0.41 | 5: 0.50 | 10: 0.53 | half: 0.88
2020/07/29 20:03:28:     Epoch 125 Loss | total: 1.0491e+05 | cycle: 6.67e+03 | f_dist: 2.22e+04 | g_dist: 1.74e+04 | f_sup: 3.26e+04 | g_sup: 2.61e+04        f(x) Accuracy | 1: 0.41 | 5: 0.51 | 10: 0.55 | half: 0.85        g(y) Accuracy | 1: 0.41 | 5: 0.51 | 10: 0.53 | half: 0.88
2020/07/29 20:03:29:     Epoch 127 Loss | total: 1.039e+05 | cycle: 7.05e+03 | f_dist: 2.2e+04 | g_dist: 1.73e+04 | f_sup: 3.2e+04 | g_sup: 2.56e+04        f(x) Accuracy | 1: 0.41 | 5: 0.51 | 10: 0.55 | half: 0.85        g(y) Accuracy | 1: 0.42 | 5: 0.51 | 10: 0.53 | half: 0.88
2020/07/29 20:03:30:     Epoch 129 Loss | total: 1.0204e+05 | cycle: 6.41e+03 | f_dist: 2.18e+04 | g_dist: 1.71e+04 | f_sup: 3.15e+04 | g_sup: 2.52e+04        f(x) Accuracy | 1: 0.42 | 5: 0.52 | 10: 0.55 | half: 0.85        g(y) Accuracy | 1: 0.41 | 5: 0.51 | 10: 0.53 | half: 0.88
2020/07/29 20:03:30:     Epoch 131 Loss | total: 1.0159e+05 | cycle: 7.05e+03 | f_dist: 2.17e+04 | g_dist: 1.71e+04 | f_sup: 3.1e+04 | g_sup: 2.47e+04        f(x) Accuracy | 1: 0.43 | 5: 0.52 | 10: 0.55 | half: 0.85        g(y) Accuracy | 1: 0.42 | 5: 0.51 | 10: 0.54 | half: 0.87
2020/07/29 20:03:31:     Epoch 133 Loss | total: 1.007e+05 | cycle: 6.97e+03 | f_dist: 2.16e+04 | g_dist: 1.7e+04 | f_sup: 3.06e+04 | g_sup: 2.45e+04        f(x) Accuracy | 1: 0.44 | 5: 0.53 | 10: 0.56 | half: 0.85        g(y) Accuracy | 1: 0.43 | 5: 0.52 | 10: 0.55 | half: 0.88
2020/07/29 20:03:32:     Epoch 135 Loss | total: 1.0048e+05 | cycle: 7.6e+03 | f_dist: 2.15e+04 | g_dist: 1.69e+04 | f_sup: 3.02e+04 | g_sup: 2.43e+04        f(x) Accuracy | 1: 0.44 | 5: 0.53 | 10: 0.56 | half: 0.85        g(y) Accuracy | 1: 0.43 | 5: 0.52 | 10: 0.55 | half: 0.88
2020/07/29 20:03:33:     Epoch 137 Loss | total: 99779 | cycle: 7.49e+03 | f_dist: 2.14e+04 | g_dist: 1.68e+04 | f_sup: 3e+04 | g_sup: 2.4e+04        f(x) Accuracy | 1: 0.45 | 5: 0.54 | 10: 0.56 | half: 0.85        g(y) Accuracy | 1: 0.44 | 5: 0.52 | 10: 0.55 | half: 0.88
2020/07/29 20:03:34:     Epoch 139 Loss | total: 98478 | cycle: 6.74e+03 | f_dist: 2.14e+04 | g_dist: 1.68e+04 | f_sup: 2.98e+04 | g_sup: 2.38e+04        f(x) Accuracy | 1: 0.45 | 5: 0.53 | 10: 0.55 | half: 0.85        g(y) Accuracy | 1: 0.44 | 5: 0.52 | 10: 0.55 | half: 0.88
2020/07/29 20:03:35:     Epoch 141 Loss | total: 98812 | cycle: 7.9e+03 | f_dist: 2.13e+04 | g_dist: 1.66e+04 | f_sup: 2.97e+04 | g_sup: 2.33e+04        f(x) Accuracy | 1: 0.45 | 5: 0.53 | 10: 0.56 | half: 0.85        g(y) Accuracy | 1: 0.45 | 5: 0.53 | 10: 0.55 | half: 0.87
2020/07/29 20:03:36:     Epoch 143 Loss | total: 97234 | cycle: 7.21e+03 | f_dist: 2.12e+04 | g_dist: 1.66e+04 | f_sup: 2.94e+04 | g_sup: 2.3e+04        f(x) Accuracy | 1: 0.45 | 5: 0.53 | 10: 0.56 | half: 0.85        g(y) Accuracy | 1: 0.45 | 5: 0.53 | 10: 0.55 | half: 0.88
2020/07/29 20:03:37:     Epoch 145 Loss | total: 97425 | cycle: 8.52e+03 | f_dist: 2.1e+04 | g_dist: 1.64e+04 | f_sup: 2.88e+04 | g_sup: 2.26e+04        f(x) Accuracy | 1: 0.46 | 5: 0.53 | 10: 0.56 | half: 0.85        g(y) Accuracy | 1: 0.45 | 5: 0.53 | 10: 0.56 | half: 0.88
2020/07/29 20:03:38:     Epoch 147 Loss | total: 94711 | cycle: 7.37e+03 | f_dist: 2.09e+04 | g_dist: 1.62e+04 | f_sup: 2.83e+04 | g_sup: 2.2e+04        f(x) Accuracy | 1: 0.46 | 5: 0.54 | 10: 0.56 | half: 0.85        g(y) Accuracy | 1: 0.45 | 5: 0.54 | 10: 0.56 | half: 0.88
2020/07/29 20:03:38:     Epoch 149 Loss | total: 92840 | cycle: 6.75e+03 | f_dist: 2.07e+04 | g_dist: 1.61e+04 | f_sup: 2.78e+04 | g_sup: 2.15e+04        f(x) Accuracy | 1: 0.47 | 5: 0.54 | 10: 0.56 | half: 0.85        g(y) Accuracy | 1: 0.45 | 5: 0.54 | 10: 0.57 | half: 0.88
2020/07/29 20:03:39:     Epoch 151 Loss | total: 92239 | cycle: 7.2e+03 | f_dist: 2.05e+04 | g_dist: 1.6e+04 | f_sup: 2.73e+04 | g_sup: 2.12e+04        f(x) Accuracy | 1: 0.47 | 5: 0.54 | 10: 0.56 | half: 0.85        g(y) Accuracy | 1: 0.46 | 5: 0.55 | 10: 0.57 | half: 0.88
2020/07/29 20:03:40:     Epoch 153 Loss | total: 90390 | cycle: 6.3e+03 | f_dist: 2.04e+04 | g_dist: 1.59e+04 | f_sup: 2.7e+04 | g_sup: 2.08e+04        f(x) Accuracy | 1: 0.48 | 5: 0.54 | 10: 0.56 | half: 0.86        g(y) Accuracy | 1: 0.46 | 5: 0.54 | 10: 0.56 | half: 0.88
2020/07/29 20:03:41:     Epoch 155 Loss | total: 89753 | cycle: 6.57e+03 | f_dist: 2.03e+04 | g_dist: 1.58e+04 | f_sup: 2.67e+04 | g_sup: 2.04e+04        f(x) Accuracy | 1: 0.48 | 5: 0.54 | 10: 0.57 | half: 0.85        g(y) Accuracy | 1: 0.47 | 5: 0.55 | 10: 0.56 | half: 0.88
2020/07/29 20:03:42:     Epoch 157 Loss | total: 89557 | cycle: 7.17e+03 | f_dist: 2.02e+04 | g_dist: 1.57e+04 | f_sup: 2.64e+04 | g_sup: 2.01e+04        f(x) Accuracy | 1: 0.48 | 5: 0.54 | 10: 0.57 | half: 0.86        g(y) Accuracy | 1: 0.47 | 5: 0.55 | 10: 0.57 | half: 0.88
2020/07/29 20:03:43:     Epoch 159 Loss | total: 87509 | cycle: 6.15e+03 | f_dist: 2.01e+04 | g_dist: 1.55e+04 | f_sup: 2.6e+04 | g_sup: 1.97e+04        f(x) Accuracy | 1: 0.48 | 5: 0.54 | 10: 0.57 | half: 0.85        g(y) Accuracy | 1: 0.48 | 5: 0.55 | 10: 0.58 | half: 0.88
2020/07/29 20:03:44:     Epoch 161 Loss | total: 87108 | cycle: 6.44e+03 | f_dist: 2e+04 | g_dist: 1.55e+04 | f_sup: 2.57e+04 | g_sup: 1.95e+04        f(x) Accuracy | 1: 0.48 | 5: 0.55 | 10: 0.57 | half: 0.85        g(y) Accuracy | 1: 0.48 | 5: 0.55 | 10: 0.57 | half: 0.88
2020/07/29 20:03:45:     Epoch 163 Loss | total: 86172 | cycle: 6.33e+03 | f_dist: 1.98e+04 | g_dist: 1.54e+04 | f_sup: 2.53e+04 | g_sup: 1.93e+04        f(x) Accuracy | 1: 0.49 | 5: 0.54 | 10: 0.56 | half: 0.86        g(y) Accuracy | 1: 0.48 | 5: 0.55 | 10: 0.57 | half: 0.88
2020/07/29 20:03:46:     Epoch 165 Loss | total: 86247 | cycle: 7.11e+03 | f_dist: 1.97e+04 | g_dist: 1.53e+04 | f_sup: 2.51e+04 | g_sup: 1.9e+04        f(x) Accuracy | 1: 0.49 | 5: 0.54 | 10: 0.57 | half: 0.85        g(y) Accuracy | 1: 0.48 | 5: 0.55 | 10: 0.57 | half: 0.88
2020/07/29 20:03:47:     Epoch 167 Loss | total: 84934 | cycle: 6.48e+03 | f_dist: 1.96e+04 | g_dist: 1.52e+04 | f_sup: 2.49e+04 | g_sup: 1.87e+04        f(x) Accuracy | 1: 0.49 | 5: 0.54 | 10: 0.57 | half: 0.86        g(y) Accuracy | 1: 0.49 | 5: 0.55 | 10: 0.58 | half: 0.88
2020/07/29 20:03:47:     Epoch 169 Loss | total: 84454 | cycle: 6.56e+03 | f_dist: 1.95e+04 | g_dist: 1.52e+04 | f_sup: 2.46e+04 | g_sup: 1.86e+04        f(x) Accuracy | 1: 0.49 | 5: 0.55 | 10: 0.57 | half: 0.86        g(y) Accuracy | 1: 0.49 | 5: 0.55 | 10: 0.58 | half: 0.88
2020/07/29 20:03:48:     Epoch 171 Loss | total: 82804 | cycle: 5.53e+03 | f_dist: 1.94e+04 | g_dist: 1.51e+04 | f_sup: 2.44e+04 | g_sup: 1.83e+04        f(x) Accuracy | 1: 0.49 | 5: 0.55 | 10: 0.57 | half: 0.86        g(y) Accuracy | 1: 0.50 | 5: 0.56 | 10: 0.58 | half: 0.88
2020/07/29 20:03:49:     Epoch 173 Loss | total: 82801 | cycle: 6.22e+03 | f_dist: 1.93e+04 | g_dist: 1.5e+04 | f_sup: 2.41e+04 | g_sup: 1.82e+04        f(x) Accuracy | 1: 0.49 | 5: 0.54 | 10: 0.57 | half: 0.86        g(y) Accuracy | 1: 0.49 | 5: 0.56 | 10: 0.57 | half: 0.88
2020/07/29 20:03:50:     Epoch 175 Loss | total: 81899 | cycle: 6.04e+03 | f_dist: 1.92e+04 | g_dist: 1.49e+04 | f_sup: 2.38e+04 | g_sup: 1.79e+04        f(x) Accuracy | 1: 0.49 | 5: 0.55 | 10: 0.57 | half: 0.86        g(y) Accuracy | 1: 0.50 | 5: 0.56 | 10: 0.57 | half: 0.88
2020/07/29 20:03:51:     Epoch 177 Loss | total: 81549 | cycle: 6.28e+03 | f_dist: 1.91e+04 | g_dist: 1.49e+04 | f_sup: 2.36e+04 | g_sup: 1.77e+04        f(x) Accuracy | 1: 0.49 | 5: 0.55 | 10: 0.57 | half: 0.86        g(y) Accuracy | 1: 0.49 | 5: 0.56 | 10: 0.58 | half: 0.88
2020/07/29 20:03:52:     Epoch 179 Loss | total: 81066 | cycle: 6.34e+03 | f_dist: 1.9e+04 | g_dist: 1.48e+04 | f_sup: 2.34e+04 | g_sup: 1.75e+04        f(x) Accuracy | 1: 0.49 | 5: 0.55 | 10: 0.57 | half: 0.86        g(y) Accuracy | 1: 0.50 | 5: 0.56 | 10: 0.57 | half: 0.88
2020/07/29 20:03:53:     Epoch 181 Loss | total: 80024 | cycle: 5.92e+03 | f_dist: 1.89e+04 | g_dist: 1.47e+04 | f_sup: 2.32e+04 | g_sup: 1.72e+04        f(x) Accuracy | 1: 0.49 | 5: 0.55 | 10: 0.57 | half: 0.86        g(y) Accuracy | 1: 0.50 | 5: 0.56 | 10: 0.58 | half: 0.88
2020/07/29 20:03:54:     Epoch 183 Loss | total: 79593 | cycle: 5.84e+03 | f_dist: 1.89e+04 | g_dist: 1.46e+04 | f_sup: 2.32e+04 | g_sup: 1.71e+04        f(x) Accuracy | 1: 0.49 | 5: 0.55 | 10: 0.57 | half: 0.85        g(y) Accuracy | 1: 0.50 | 5: 0.56 | 10: 0.58 | half: 0.87
2020/07/29 20:03:54:     Epoch 185 Loss | total: 79074 | cycle: 5.69e+03 | f_dist: 1.88e+04 | g_dist: 1.47e+04 | f_sup: 2.3e+04 | g_sup: 1.7e+04        f(x) Accuracy | 1: 0.49 | 5: 0.55 | 10: 0.57 | half: 0.86        g(y) Accuracy | 1: 0.51 | 5: 0.56 | 10: 0.58 | half: 0.88
2020/07/29 20:03:55:     Epoch 187 Loss | total: 78757 | cycle: 5.87e+03 | f_dist: 1.87e+04 | g_dist: 1.46e+04 | f_sup: 2.29e+04 | g_sup: 1.67e+04        f(x) Accuracy | 1: 0.49 | 5: 0.55 | 10: 0.57 | half: 0.86        g(y) Accuracy | 1: 0.51 | 5: 0.56 | 10: 0.58 | half: 0.87
2020/07/29 20:03:56:     Epoch 189 Loss | total: 78601 | cycle: 6.02e+03 | f_dist: 1.86e+04 | g_dist: 1.45e+04 | f_sup: 2.28e+04 | g_sup: 1.66e+04        f(x) Accuracy | 1: 0.49 | 5: 0.55 | 10: 0.57 | half: 0.86        g(y) Accuracy | 1: 0.51 | 5: 0.56 | 10: 0.57 | half: 0.87
2020/07/29 20:03:57:     Epoch 191 Loss | total: 77219 | cycle: 5.27e+03 | f_dist: 1.85e+04 | g_dist: 1.44e+04 | f_sup: 2.25e+04 | g_sup: 1.65e+04        f(x) Accuracy | 1: 0.49 | 5: 0.55 | 10: 0.57 | half: 0.86        g(y) Accuracy | 1: 0.51 | 5: 0.56 | 10: 0.58 | half: 0.87
2020/07/29 20:03:58:     Epoch 193 Loss | total: 77417 | cycle: 5.62e+03 | f_dist: 1.85e+04 | g_dist: 1.44e+04 | f_sup: 2.25e+04 | g_sup: 1.64e+04        f(x) Accuracy | 1: 0.50 | 5: 0.55 | 10: 0.57 | half: 0.86        g(y) Accuracy | 1: 0.51 | 5: 0.56 | 10: 0.58 | half: 0.87
2020/07/29 20:03:59:     Epoch 195 Loss | total: 77897 | cycle: 6.55e+03 | f_dist: 1.84e+04 | g_dist: 1.43e+04 | f_sup: 2.24e+04 | g_sup: 1.62e+04        f(x) Accuracy | 1: 0.50 | 5: 0.55 | 10: 0.57 | half: 0.86        g(y) Accuracy | 1: 0.51 | 5: 0.56 | 10: 0.58 | half: 0.87
2020/07/29 20:04:00:     Epoch 197 Loss | total: 76841 | cycle: 5.82e+03 | f_dist: 1.84e+04 | g_dist: 1.43e+04 | f_sup: 2.23e+04 | g_sup: 1.61e+04        f(x) Accuracy | 1: 0.50 | 5: 0.55 | 10: 0.57 | half: 0.86        g(y) Accuracy | 1: 0.52 | 5: 0.56 | 10: 0.58 | half: 0.88
2020/07/29 20:04:01:     Epoch 199 Loss | total: 76332 | cycle: 5.78e+03 | f_dist: 1.83e+04 | g_dist: 1.42e+04 | f_sup: 2.21e+04 | g_sup: 1.59e+04        f(x) Accuracy | 1: 0.50 | 5: 0.55 | 10: 0.57 | half: 0.86        g(y) Accuracy | 1: 0.52 | 5: 0.56 | 10: 0.58 | half: 0.87
2020/07/29 20:04:02:     Epoch 201 Loss | total: 74881 | cycle: 4.72e+03 | f_dist: 1.83e+04 | g_dist: 1.41e+04 | f_sup: 2.2e+04 | g_sup: 1.57e+04        f(x) Accuracy | 1: 0.50 | 5: 0.55 | 10: 0.57 | half: 0.86        g(y) Accuracy | 1: 0.52 | 5: 0.56 | 10: 0.58 | half: 0.87
2020/07/29 20:04:03:     Epoch 203 Loss | total: 74654 | cycle: 4.81e+03 | f_dist: 1.82e+04 | g_dist: 1.41e+04 | f_sup: 2.19e+04 | g_sup: 1.56e+04        f(x) Accuracy | 1: 0.50 | 5: 0.55 | 10: 0.57 | half: 0.87        g(y) Accuracy | 1: 0.52 | 5: 0.56 | 10: 0.58 | half: 0.87
2020/07/29 20:04:03:     Epoch 205 Loss | total: 74383 | cycle: 4.91e+03 | f_dist: 1.82e+04 | g_dist: 1.4e+04 | f_sup: 2.18e+04 | g_sup: 1.55e+04        f(x) Accuracy | 1: 0.50 | 5: 0.54 | 10: 0.57 | half: 0.86        g(y) Accuracy | 1: 0.52 | 5: 0.56 | 10: 0.58 | half: 0.87
2020/07/29 20:04:04:     Epoch 207 Loss | total: 75147 | cycle: 5.92e+03 | f_dist: 1.82e+04 | g_dist: 1.4e+04 | f_sup: 2.18e+04 | g_sup: 1.54e+04        f(x) Accuracy | 1: 0.50 | 5: 0.55 | 10: 0.57 | half: 0.86        g(y) Accuracy | 1: 0.53 | 5: 0.56 | 10: 0.58 | half: 0.87
2020/07/29 20:04:05:     Epoch 209 Loss | total: 75038 | cycle: 6.11e+03 | f_dist: 1.81e+04 | g_dist: 1.39e+04 | f_sup: 2.16e+04 | g_sup: 1.53e+04        f(x) Accuracy | 1: 0.50 | 5: 0.55 | 10: 0.57 | half: 0.87        g(y) Accuracy | 1: 0.52 | 5: 0.56 | 10: 0.58 | half: 0.87
2020/07/29 20:04:06:     Epoch 211 Loss | total: 73751 | cycle: 5.1e+03 | f_dist: 1.81e+04 | g_dist: 1.39e+04 | f_sup: 2.16e+04 | g_sup: 1.52e+04        f(x) Accuracy | 1: 0.50 | 5: 0.55 | 10: 0.57 | half: 0.87        g(y) Accuracy | 1: 0.52 | 5: 0.56 | 10: 0.58 | half: 0.87
2020/07/29 20:04:07:     Epoch 213 Loss | total: 73334 | cycle: 5.09e+03 | f_dist: 1.8e+04 | g_dist: 1.38e+04 | f_sup: 2.13e+04 | g_sup: 1.51e+04        f(x) Accuracy | 1: 0.51 | 5: 0.55 | 10: 0.57 | half: 0.86        g(y) Accuracy | 1: 0.52 | 5: 0.56 | 10: 0.58 | half: 0.87
2020/07/29 20:04:08:     Epoch 215 Loss | total: 73092 | cycle: 5.45e+03 | f_dist: 1.79e+04 | g_dist: 1.37e+04 | f_sup: 2.11e+04 | g_sup: 1.49e+04        f(x) Accuracy | 1: 0.50 | 5: 0.55 | 10: 0.57 | half: 0.86        g(y) Accuracy | 1: 0.52 | 5: 0.56 | 10: 0.58 | half: 0.87
2020/07/29 20:04:09:     Epoch 217 Loss | total: 72814 | cycle: 5.63e+03 | f_dist: 1.78e+04 | g_dist: 1.37e+04 | f_sup: 2.1e+04 | g_sup: 1.47e+04        f(x) Accuracy | 1: 0.51 | 5: 0.55 | 10: 0.57 | half: 0.86        g(y) Accuracy | 1: 0.52 | 5: 0.56 | 10: 0.58 | half: 0.87
2020/07/29 20:04:10:     Epoch 219 Loss | total: 71646 | cycle: 4.93e+03 | f_dist: 1.78e+04 | g_dist: 1.36e+04 | f_sup: 2.08e+04 | g_sup: 1.46e+04        f(x) Accuracy | 1: 0.51 | 5: 0.55 | 10: 0.57 | half: 0.86        g(y) Accuracy | 1: 0.53 | 5: 0.56 | 10: 0.58 | half: 0.87
2020/07/29 20:04:11:     Epoch 221 Loss | total: 71576 | cycle: 5.19e+03 | f_dist: 1.77e+04 | g_dist: 1.36e+04 | f_sup: 2.06e+04 | g_sup: 1.45e+04        f(x) Accuracy | 1: 0.51 | 5: 0.55 | 10: 0.57 | half: 0.86        g(y) Accuracy | 1: 0.53 | 5: 0.57 | 10: 0.58 | half: 0.87
2020/07/29 20:04:11:     Epoch 223 Loss | total: 71593 | cycle: 5.57e+03 | f_dist: 1.77e+04 | g_dist: 1.36e+04 | f_sup: 2.05e+04 | g_sup: 1.43e+04        f(x) Accuracy | 1: 0.51 | 5: 0.55 | 10: 0.57 | half: 0.86        g(y) Accuracy | 1: 0.52 | 5: 0.57 | 10: 0.58 | half: 0.87
2020/07/29 20:04:12:     Epoch 225 Loss | total: 70260 | cycle: 4.52e+03 | f_dist: 1.76e+04 | g_dist: 1.35e+04 | f_sup: 2.04e+04 | g_sup: 1.42e+04        f(x) Accuracy | 1: 0.51 | 5: 0.55 | 10: 0.57 | half: 0.86        g(y) Accuracy | 1: 0.52 | 5: 0.57 | 10: 0.58 | half: 0.87
2020/07/29 20:04:13:     Epoch 227 Loss | total: 70456 | cycle: 4.99e+03 | f_dist: 1.76e+04 | g_dist: 1.35e+04 | f_sup: 2.03e+04 | g_sup: 1.42e+04        f(x) Accuracy | 1: 0.51 | 5: 0.55 | 10: 0.57 | half: 0.87        g(y) Accuracy | 1: 0.53 | 5: 0.57 | 10: 0.58 | half: 0.87
2020/07/29 20:04:14:     Epoch 229 Loss | total: 70548 | cycle: 5.42e+03 | f_dist: 1.75e+04 | g_dist: 1.34e+04 | f_sup: 2.02e+04 | g_sup: 1.4e+04        f(x) Accuracy | 1: 0.51 | 5: 0.55 | 10: 0.57 | half: 0.86        g(y) Accuracy | 1: 0.53 | 5: 0.57 | 10: 0.58 | half: 0.87
2020/07/29 20:04:15:     Epoch 231 Loss | total: 69638 | cycle: 4.69e+03 | f_dist: 1.75e+04 | g_dist: 1.34e+04 | f_sup: 2.01e+04 | g_sup: 1.4e+04        f(x) Accuracy | 1: 0.51 | 5: 0.55 | 10: 0.57 | half: 0.86        g(y) Accuracy | 1: 0.52 | 5: 0.57 | 10: 0.58 | half: 0.87
2020/07/29 20:04:16:     Epoch 233 Loss | total: 69884 | cycle: 5.32e+03 | f_dist: 1.74e+04 | g_dist: 1.34e+04 | f_sup: 2e+04 | g_sup: 1.38e+04        f(x) Accuracy | 1: 0.51 | 5: 0.55 | 10: 0.57 | half: 0.86        g(y) Accuracy | 1: 0.53 | 5: 0.57 | 10: 0.58 | half: 0.87
2020/07/29 20:04:17:     Epoch 235 Loss | total: 69401 | cycle: 5.08e+03 | f_dist: 1.74e+04 | g_dist: 1.33e+04 | f_sup: 1.99e+04 | g_sup: 1.38e+04        f(x) Accuracy | 1: 0.51 | 5: 0.55 | 10: 0.57 | half: 0.87        g(y) Accuracy | 1: 0.53 | 5: 0.57 | 10: 0.59 | half: 0.87
2020/07/29 20:04:18:     Epoch 237 Loss | total: 69199 | cycle: 5.12e+03 | f_dist: 1.73e+04 | g_dist: 1.33e+04 | f_sup: 1.98e+04 | g_sup: 1.37e+04        f(x) Accuracy | 1: 0.51 | 5: 0.55 | 10: 0.57 | half: 0.87        g(y) Accuracy | 1: 0.53 | 5: 0.57 | 10: 0.58 | half: 0.87
2020/07/29 20:04:19:     Epoch 239 Loss | total: 68648 | cycle: 4.72e+03 | f_dist: 1.73e+04 | g_dist: 1.32e+04 | f_sup: 1.97e+04 | g_sup: 1.37e+04        f(x) Accuracy | 1: 0.51 | 5: 0.55 | 10: 0.57 | half: 0.86        g(y) Accuracy | 1: 0.53 | 5: 0.57 | 10: 0.58 | half: 0.87
2020/07/29 20:04:19:     Epoch 241 Loss | total: 68792 | cycle: 5.04e+03 | f_dist: 1.73e+04 | g_dist: 1.32e+04 | f_sup: 1.97e+04 | g_sup: 1.36e+04        f(x) Accuracy | 1: 0.51 | 5: 0.55 | 10: 0.57 | half: 0.87        g(y) Accuracy | 1: 0.53 | 5: 0.57 | 10: 0.58 | half: 0.88
2020/07/29 20:04:20:     Epoch 243 Loss | total: 67860 | cycle: 4.3e+03 | f_dist: 1.72e+04 | g_dist: 1.32e+04 | f_sup: 1.96e+04 | g_sup: 1.35e+04        f(x) Accuracy | 1: 0.51 | 5: 0.55 | 10: 0.57 | half: 0.87        g(y) Accuracy | 1: 0.53 | 5: 0.57 | 10: 0.59 | half: 0.87
2020/07/29 20:04:21:     Epoch 245 Loss | total: 68384 | cycle: 5.02e+03 | f_dist: 1.72e+04 | g_dist: 1.32e+04 | f_sup: 1.95e+04 | g_sup: 1.35e+04        f(x) Accuracy | 1: 0.51 | 5: 0.55 | 10: 0.57 | half: 0.86        g(y) Accuracy | 1: 0.53 | 5: 0.57 | 10: 0.59 | half: 0.87
2020/07/29 20:04:22:     Epoch 247 Loss | total: 68441 | cycle: 5.18e+03 | f_dist: 1.72e+04 | g_dist: 1.31e+04 | f_sup: 1.95e+04 | g_sup: 1.34e+04        f(x) Accuracy | 1: 0.51 | 5: 0.55 | 10: 0.57 | half: 0.87        g(y) Accuracy | 1: 0.53 | 5: 0.57 | 10: 0.58 | half: 0.87
2020/07/29 20:04:23:     Epoch 249 Loss | total: 68171 | cycle: 5.01e+03 | f_dist: 1.72e+04 | g_dist: 1.31e+04 | f_sup: 1.95e+04 | g_sup: 1.34e+04        f(x) Accuracy | 1: 0.51 | 5: 0.55 | 10: 0.57 | half: 0.86        g(y) Accuracy | 1: 0.53 | 5: 0.57 | 10: 0.58 | half: 0.87
2020/07/29 20:04:24:     Epoch 251 Loss | total: 68033 | cycle: 5.1e+03 | f_dist: 1.71e+04 | g_dist: 1.31e+04 | f_sup: 1.94e+04 | g_sup: 1.33e+04        f(x) Accuracy | 1: 0.51 | 5: 0.55 | 10: 0.57 | half: 0.87        g(y) Accuracy | 1: 0.54 | 5: 0.57 | 10: 0.59 | half: 0.87
2020/07/29 20:04:25:     Epoch 253 Loss | total: 67460 | cycle: 4.72e+03 | f_dist: 1.71e+04 | g_dist: 1.3e+04 | f_sup: 1.93e+04 | g_sup: 1.32e+04        f(x) Accuracy | 1: 0.51 | 5: 0.55 | 10: 0.57 | half: 0.87        g(y) Accuracy | 1: 0.54 | 5: 0.57 | 10: 0.58 | half: 0.87
2020/07/29 20:04:26:     Epoch 255 Loss | total: 67165 | cycle: 4.77e+03 | f_dist: 1.71e+04 | g_dist: 1.3e+04 | f_sup: 1.92e+04 | g_sup: 1.32e+04        f(x) Accuracy | 1: 0.51 | 5: 0.55 | 10: 0.57 | half: 0.86        g(y) Accuracy | 1: 0.53 | 5: 0.57 | 10: 0.58 | half: 0.87
2020/07/29 20:04:27:     Epoch 257 Loss | total: 66349 | cycle: 4.15e+03 | f_dist: 1.7e+04 | g_dist: 1.3e+04 | f_sup: 1.92e+04 | g_sup: 1.3e+04        f(x) Accuracy | 1: 0.51 | 5: 0.55 | 10: 0.57 | half: 0.86        g(y) Accuracy | 1: 0.54 | 5: 0.57 | 10: 0.59 | half: 0.87
2020/07/29 20:04:27:     Epoch 259 Loss | total: 66567 | cycle: 4.55e+03 | f_dist: 1.7e+04 | g_dist: 1.29e+04 | f_sup: 1.91e+04 | g_sup: 1.3e+04        f(x) Accuracy | 1: 0.51 | 5: 0.55 | 10: 0.57 | half: 0.87        g(y) Accuracy | 1: 0.54 | 5: 0.57 | 10: 0.58 | half: 0.87
2020/07/29 20:04:28:     Epoch 261 Loss | total: 67271 | cycle: 5.35e+03 | f_dist: 1.7e+04 | g_dist: 1.29e+04 | f_sup: 1.91e+04 | g_sup: 1.29e+04        f(x) Accuracy | 1: 0.51 | 5: 0.55 | 10: 0.57 | half: 0.86        g(y) Accuracy | 1: 0.54 | 5: 0.57 | 10: 0.59 | half: 0.87
2020/07/29 20:04:29:     Epoch 263 Loss | total: 66521 | cycle: 4.67e+03 | f_dist: 1.7e+04 | g_dist: 1.29e+04 | f_sup: 1.91e+04 | g_sup: 1.29e+04        f(x) Accuracy | 1: 0.51 | 5: 0.55 | 10: 0.57 | half: 0.86        g(y) Accuracy | 1: 0.54 | 5: 0.57 | 10: 0.59 | half: 0.87
2020/07/29 20:04:30:     Epoch 265 Loss | total: 66429 | cycle: 4.81e+03 | f_dist: 1.69e+04 | g_dist: 1.29e+04 | f_sup: 1.89e+04 | g_sup: 1.29e+04        f(x) Accuracy | 1: 0.51 | 5: 0.55 | 10: 0.57 | half: 0.87        g(y) Accuracy | 1: 0.54 | 5: 0.57 | 10: 0.58 | half: 0.87
2020/07/29 20:04:31:     Epoch 267 Loss | total: 67018 | cycle: 5.69e+03 | f_dist: 1.69e+04 | g_dist: 1.28e+04 | f_sup: 1.89e+04 | g_sup: 1.28e+04        f(x) Accuracy | 1: 0.51 | 5: 0.55 | 10: 0.57 | half: 0.87        g(y) Accuracy | 1: 0.54 | 5: 0.57 | 10: 0.58 | half: 0.88
2020/07/29 20:04:32:     Epoch 269 Loss | total: 66406 | cycle: 5.32e+03 | f_dist: 1.69e+04 | g_dist: 1.28e+04 | f_sup: 1.88e+04 | g_sup: 1.27e+04        f(x) Accuracy | 1: 0.51 | 5: 0.55 | 10: 0.57 | half: 0.87        g(y) Accuracy | 1: 0.54 | 5: 0.57 | 10: 0.59 | half: 0.87
2020/07/29 20:04:33:     Epoch 271 Loss | total: 65812 | cycle: 4.88e+03 | f_dist: 1.68e+04 | g_dist: 1.27e+04 | f_sup: 1.87e+04 | g_sup: 1.27e+04        f(x) Accuracy | 1: 0.51 | 5: 0.55 | 10: 0.57 | half: 0.87        g(y) Accuracy | 1: 0.54 | 5: 0.57 | 10: 0.59 | half: 0.87
2020/07/29 20:04:34:     Epoch 273 Loss | total: 65753 | cycle: 4.84e+03 | f_dist: 1.68e+04 | g_dist: 1.28e+04 | f_sup: 1.87e+04 | g_sup: 1.27e+04        f(x) Accuracy | 1: 0.51 | 5: 0.55 | 10: 0.57 | half: 0.87        g(y) Accuracy | 1: 0.54 | 5: 0.57 | 10: 0.58 | half: 0.87
2020/07/29 20:04:35:     Epoch 275 Loss | total: 64864 | cycle: 4e+03 | f_dist: 1.68e+04 | g_dist: 1.27e+04 | f_sup: 1.87e+04 | g_sup: 1.27e+04        f(x) Accuracy | 1: 0.51 | 5: 0.55 | 10: 0.57 | half: 0.86        g(y) Accuracy | 1: 0.54 | 5: 0.57 | 10: 0.58 | half: 0.87
2020/07/29 20:04:35:     Epoch 277 Loss | total: 65590 | cycle: 4.97e+03 | f_dist: 1.68e+04 | g_dist: 1.27e+04 | f_sup: 1.86e+04 | g_sup: 1.26e+04        f(x) Accuracy | 1: 0.51 | 5: 0.55 | 10: 0.57 | half: 0.87        g(y) Accuracy | 1: 0.53 | 5: 0.57 | 10: 0.58 | half: 0.87
2020/07/29 20:04:36:     Epoch 279 Loss | total: 64764 | cycle: 4.23e+03 | f_dist: 1.67e+04 | g_dist: 1.27e+04 | f_sup: 1.85e+04 | g_sup: 1.26e+04        f(x) Accuracy | 1: 0.51 | 5: 0.55 | 10: 0.57 | half: 0.86        g(y) Accuracy | 1: 0.54 | 5: 0.57 | 10: 0.58 | half: 0.87
2020/07/29 20:04:37:     Epoch 281 Loss | total: 65536 | cycle: 5.14e+03 | f_dist: 1.67e+04 | g_dist: 1.27e+04 | f_sup: 1.85e+04 | g_sup: 1.25e+04        f(x) Accuracy | 1: 0.51 | 5: 0.55 | 10: 0.57 | half: 0.87        g(y) Accuracy | 1: 0.54 | 5: 0.57 | 10: 0.58 | half: 0.87
2020/07/29 20:04:38:     Epoch 283 Loss | total: 65550 | cycle: 5.25e+03 | f_dist: 1.67e+04 | g_dist: 1.26e+04 | f_sup: 1.85e+04 | g_sup: 1.24e+04        f(x) Accuracy | 1: 0.51 | 5: 0.55 | 10: 0.57 | half: 0.87        g(y) Accuracy | 1: 0.54 | 5: 0.57 | 10: 0.58 | half: 0.87
2020/07/29 20:04:39:     Epoch 285 Loss | total: 64009 | cycle: 3.98e+03 | f_dist: 1.67e+04 | g_dist: 1.26e+04 | f_sup: 1.84e+04 | g_sup: 1.24e+04        f(x) Accuracy | 1: 0.51 | 5: 0.55 | 10: 0.57 | half: 0.87        g(y) Accuracy | 1: 0.54 | 5: 0.57 | 10: 0.58 | half: 0.87
2020/07/29 20:04:40:     Epoch 287 Loss | total: 63290 | cycle: 3.59e+03 | f_dist: 1.66e+04 | g_dist: 1.26e+04 | f_sup: 1.82e+04 | g_sup: 1.23e+04        f(x) Accuracy | 1: 0.51 | 5: 0.55 | 10: 0.57 | half: 0.87        g(y) Accuracy | 1: 0.54 | 5: 0.57 | 10: 0.59 | half: 0.87
2020/07/29 20:04:41:     Epoch 289 Loss | total: 63859 | cycle: 4.33e+03 | f_dist: 1.65e+04 | g_dist: 1.25e+04 | f_sup: 1.82e+04 | g_sup: 1.23e+04        f(x) Accuracy | 1: 0.51 | 5: 0.55 | 10: 0.57 | half: 0.86        g(y) Accuracy | 1: 0.53 | 5: 0.57 | 10: 0.58 | half: 0.87
2020/07/29 20:04:42:     Epoch 291 Loss | total: 64270 | cycle: 4.92e+03 | f_dist: 1.65e+04 | g_dist: 1.25e+04 | f_sup: 1.81e+04 | g_sup: 1.22e+04        f(x) Accuracy | 1: 0.51 | 5: 0.55 | 10: 0.57 | half: 0.87        g(y) Accuracy | 1: 0.54 | 5: 0.57 | 10: 0.58 | half: 0.87
2020/07/29 20:04:43:     Epoch 293 Loss | total: 63551 | cycle: 4.3e+03 | f_dist: 1.65e+04 | g_dist: 1.25e+04 | f_sup: 1.81e+04 | g_sup: 1.22e+04        f(x) Accuracy | 1: 0.51 | 5: 0.55 | 10: 0.57 | half: 0.86        g(y) Accuracy | 1: 0.54 | 5: 0.57 | 10: 0.58 | half: 0.87
2020/07/29 20:04:43:     Epoch 295 Loss | total: 63206 | cycle: 4.22e+03 | f_dist: 1.65e+04 | g_dist: 1.25e+04 | f_sup: 1.79e+04 | g_sup: 1.21e+04        f(x) Accuracy | 1: 0.51 | 5: 0.55 | 10: 0.57 | half: 0.87        g(y) Accuracy | 1: 0.54 | 5: 0.57 | 10: 0.58 | half: 0.87
2020/07/29 20:04:44:     Epoch 297 Loss | total: 63360 | cycle: 4.53e+03 | f_dist: 1.64e+04 | g_dist: 1.24e+04 | f_sup: 1.79e+04 | g_sup: 1.21e+04        f(x) Accuracy | 1: 0.52 | 5: 0.55 | 10: 0.57 | half: 0.87        g(y) Accuracy | 1: 0.54 | 5: 0.57 | 10: 0.58 | half: 0.87
2020/07/29 20:04:45:     Epoch 299 Loss | total: 63239 | cycle: 4.61e+03 | f_dist: 1.64e+04 | g_dist: 1.24e+04 | f_sup: 1.78e+04 | g_sup: 1.2e+04        f(x) Accuracy | 1: 0.51 | 5: 0.55 | 10: 0.58 | half: 0.87        g(y) Accuracy | 1: 0.54 | 5: 0.57 | 10: 0.58 | half: 0.87
2020/07/29 20:04:46:     Epoch 301 Loss | total: 63065 | cycle: 4.58e+03 | f_dist: 1.64e+04 | g_dist: 1.24e+04 | f_sup: 1.78e+04 | g_sup: 1.2e+04        f(x) Accuracy | 1: 0.51 | 5: 0.55 | 10: 0.57 | half: 0.87        g(y) Accuracy | 1: 0.54 | 5: 0.57 | 10: 0.58 | half: 0.87
2020/07/29 20:04:47:     Epoch 303 Loss | total: 62908 | cycle: 4.47e+03 | f_dist: 1.64e+04 | g_dist: 1.24e+04 | f_sup: 1.77e+04 | g_sup: 1.19e+04        f(x) Accuracy | 1: 0.52 | 5: 0.55 | 10: 0.58 | half: 0.87        g(y) Accuracy | 1: 0.54 | 5: 0.57 | 10: 0.58 | half: 0.87
2020/07/29 20:04:48:     Epoch 305 Loss | total: 62074 | cycle: 3.72e+03 | f_dist: 1.63e+04 | g_dist: 1.24e+04 | f_sup: 1.78e+04 | g_sup: 1.19e+04        f(x) Accuracy | 1: 0.52 | 5: 0.55 | 10: 0.57 | half: 0.86        g(y) Accuracy | 1: 0.54 | 5: 0.57 | 10: 0.58 | half: 0.87
2020/07/29 20:04:49:     Epoch 307 Loss | total: 62294 | cycle: 4.12e+03 | f_dist: 1.63e+04 | g_dist: 1.23e+04 | f_sup: 1.76e+04 | g_sup: 1.19e+04        f(x) Accuracy | 1: 0.52 | 5: 0.55 | 10: 0.57 | half: 0.86        g(y) Accuracy | 1: 0.54 | 5: 0.57 | 10: 0.58 | half: 0.87
2020/07/29 20:04:50:     Epoch 309 Loss | total: 61461 | cycle: 3.44e+03 | f_dist: 1.63e+04 | g_dist: 1.23e+04 | f_sup: 1.76e+04 | g_sup: 1.18e+04        f(x) Accuracy | 1: 0.52 | 5: 0.55 | 10: 0.57 | half: 0.86        g(y) Accuracy | 1: 0.54 | 5: 0.57 | 10: 0.58 | half: 0.87
2020/07/29 20:04:51:     Epoch 311 Loss | total: 62528 | cycle: 4.69e+03 | f_dist: 1.62e+04 | g_dist: 1.23e+04 | f_sup: 1.75e+04 | g_sup: 1.18e+04        f(x) Accuracy | 1: 0.52 | 5: 0.55 | 10: 0.57 | half: 0.87        g(y) Accuracy | 1: 0.54 | 5: 0.57 | 10: 0.58 | half: 0.87
2020/07/29 20:04:51:     Epoch 313 Loss | total: 61955 | cycle: 4.33e+03 | f_dist: 1.62e+04 | g_dist: 1.23e+04 | f_sup: 1.74e+04 | g_sup: 1.17e+04        f(x) Accuracy | 1: 0.52 | 5: 0.55 | 10: 0.58 | half: 0.86        g(y) Accuracy | 1: 0.54 | 5: 0.57 | 10: 0.58 | half: 0.87
2020/07/29 20:04:52:     Epoch 315 Loss | total: 62162 | cycle: 4.59e+03 | f_dist: 1.62e+04 | g_dist: 1.23e+04 | f_sup: 1.74e+04 | g_sup: 1.17e+04        f(x) Accuracy | 1: 0.52 | 5: 0.55 | 10: 0.58 | half: 0.87        g(y) Accuracy | 1: 0.54 | 5: 0.57 | 10: 0.58 | half: 0.87
2020/07/29 20:04:53:     Epoch 317 Loss | total: 61796 | cycle: 4.45e+03 | f_dist: 1.62e+04 | g_dist: 1.22e+04 | f_sup: 1.74e+04 | g_sup: 1.16e+04        f(x) Accuracy | 1: 0.52 | 5: 0.55 | 10: 0.57 | half: 0.86        g(y) Accuracy | 1: 0.54 | 5: 0.57 | 10: 0.58 | half: 0.87
2020/07/29 20:04:54:     Epoch 319 Loss | total: 61286 | cycle: 4.07e+03 | f_dist: 1.61e+04 | g_dist: 1.22e+04 | f_sup: 1.73e+04 | g_sup: 1.16e+04        f(x) Accuracy | 1: 0.52 | 5: 0.55 | 10: 0.57 | half: 0.86        g(y) Accuracy | 1: 0.54 | 5: 0.57 | 10: 0.58 | half: 0.87
2020/07/29 20:04:55:     Epoch 321 Loss | total: 61153 | cycle: 3.94e+03 | f_dist: 1.61e+04 | g_dist: 1.22e+04 | f_sup: 1.73e+04 | g_sup: 1.16e+04        f(x) Accuracy | 1: 0.52 | 5: 0.55 | 10: 0.57 | half: 0.86        g(y) Accuracy | 1: 0.54 | 5: 0.57 | 10: 0.58 | half: 0.87
2020/07/29 20:04:56:     Epoch 323 Loss | total: 61221 | cycle: 4.08e+03 | f_dist: 1.61e+04 | g_dist: 1.22e+04 | f_sup: 1.73e+04 | g_sup: 1.15e+04        f(x) Accuracy | 1: 0.52 | 5: 0.55 | 10: 0.58 | half: 0.87        g(y) Accuracy | 1: 0.54 | 5: 0.57 | 10: 0.58 | half: 0.87
2020/07/29 20:04:57:     Epoch 325 Loss | total: 60890 | cycle: 3.9e+03 | f_dist: 1.61e+04 | g_dist: 1.21e+04 | f_sup: 1.73e+04 | g_sup: 1.15e+04        f(x) Accuracy | 1: 0.52 | 5: 0.55 | 10: 0.57 | half: 0.87        g(y) Accuracy | 1: 0.54 | 5: 0.57 | 10: 0.58 | half: 0.87
2020/07/29 20:04:58:     Epoch 327 Loss | total: 61895 | cycle: 5.03e+03 | f_dist: 1.61e+04 | g_dist: 1.21e+04 | f_sup: 1.73e+04 | g_sup: 1.14e+04        f(x) Accuracy | 1: 0.52 | 5: 0.55 | 10: 0.58 | half: 0.86        g(y) Accuracy | 1: 0.54 | 5: 0.57 | 10: 0.58 | half: 0.87
2020/07/29 20:04:59:     Epoch 329 Loss | total: 60291 | cycle: 3.48e+03 | f_dist: 1.6e+04 | g_dist: 1.21e+04 | f_sup: 1.72e+04 | g_sup: 1.14e+04        f(x) Accuracy | 1: 0.52 | 5: 0.55 | 10: 0.57 | half: 0.86        g(y) Accuracy | 1: 0.54 | 5: 0.57 | 10: 0.58 | half: 0.87
2020/07/29 20:04:59:     Epoch 331 Loss | total: 60570 | cycle: 3.74e+03 | f_dist: 1.6e+04 | g_dist: 1.21e+04 | f_sup: 1.73e+04 | g_sup: 1.14e+04        f(x) Accuracy | 1: 0.52 | 5: 0.55 | 10: 0.57 | half: 0.86        g(y) Accuracy | 1: 0.54 | 5: 0.57 | 10: 0.58 | half: 0.87
2020/07/29 20:05:00:     Epoch 333 Loss | total: 60661 | cycle: 3.84e+03 | f_dist: 1.6e+04 | g_dist: 1.21e+04 | f_sup: 1.73e+04 | g_sup: 1.14e+04        f(x) Accuracy | 1: 0.52 | 5: 0.55 | 10: 0.57 | half: 0.86        g(y) Accuracy | 1: 0.54 | 5: 0.57 | 10: 0.58 | half: 0.88
2020/07/29 20:05:01:     Epoch 335 Loss | total: 61568 | cycle: 4.76e+03 | f_dist: 1.6e+04 | g_dist: 1.21e+04 | f_sup: 1.73e+04 | g_sup: 1.15e+04        f(x) Accuracy | 1: 0.52 | 5: 0.55 | 10: 0.57 | half: 0.86        g(y) Accuracy | 1: 0.54 | 5: 0.57 | 10: 0.58 | half: 0.87
2020/07/29 20:05:02:     Epoch 337 Loss | total: 60727 | cycle: 4.07e+03 | f_dist: 1.6e+04 | g_dist: 1.21e+04 | f_sup: 1.73e+04 | g_sup: 1.14e+04        f(x) Accuracy | 1: 0.52 | 5: 0.55 | 10: 0.57 | half: 0.86        g(y) Accuracy | 1: 0.54 | 5: 0.58 | 10: 0.58 | half: 0.87
2020/07/29 20:05:03:     Epoch 339 Loss | total: 60593 | cycle: 3.89e+03 | f_dist: 1.6e+04 | g_dist: 1.21e+04 | f_sup: 1.72e+04 | g_sup: 1.14e+04        f(x) Accuracy | 1: 0.52 | 5: 0.55 | 10: 0.57 | half: 0.86        g(y) Accuracy | 1: 0.54 | 5: 0.57 | 10: 0.59 | half: 0.87
2020/07/29 20:05:04:     Epoch 341 Loss | total: 60557 | cycle: 4.04e+03 | f_dist: 1.59e+04 | g_dist: 1.21e+04 | f_sup: 1.72e+04 | g_sup: 1.14e+04        f(x) Accuracy | 1: 0.52 | 5: 0.55 | 10: 0.57 | half: 0.86        g(y) Accuracy | 1: 0.54 | 5: 0.58 | 10: 0.58 | half: 0.87
2020/07/29 20:05:05:     Epoch 343 Loss | total: 61370 | cycle: 4.8e+03 | f_dist: 1.59e+04 | g_dist: 1.21e+04 | f_sup: 1.72e+04 | g_sup: 1.15e+04        f(x) Accuracy | 1: 0.52 | 5: 0.55 | 10: 0.57 | half: 0.86        g(y) Accuracy | 1: 0.54 | 5: 0.57 | 10: 0.58 | half: 0.87
2020/07/29 20:05:06:     Epoch 345 Loss | total: 60430 | cycle: 4.08e+03 | f_dist: 1.59e+04 | g_dist: 1.2e+04 | f_sup: 1.71e+04 | g_sup: 1.14e+04        f(x) Accuracy | 1: 0.52 | 5: 0.55 | 10: 0.57 | half: 0.86        g(y) Accuracy | 1: 0.54 | 5: 0.58 | 10: 0.58 | half: 0.86
2020/07/29 20:05:07:     Epoch 347 Loss | total: 60800 | cycle: 4.62e+03 | f_dist: 1.58e+04 | g_dist: 1.2e+04 | f_sup: 1.7e+04 | g_sup: 1.13e+04        f(x) Accuracy | 1: 0.52 | 5: 0.55 | 10: 0.57 | half: 0.86        g(y) Accuracy | 1: 0.54 | 5: 0.58 | 10: 0.58 | half: 0.86
2020/07/29 20:05:07:     Epoch 349 Loss | total: 59900 | cycle: 3.78e+03 | f_dist: 1.58e+04 | g_dist: 1.2e+04 | f_sup: 1.71e+04 | g_sup: 1.12e+04        f(x) Accuracy | 1: 0.52 | 5: 0.55 | 10: 0.57 | half: 0.86        g(y) Accuracy | 1: 0.54 | 5: 0.58 | 10: 0.58 | half: 0.87
2020/07/29 20:05:08:     Epoch 351 Loss | total: 61225 | cycle: 5.09e+03 | f_dist: 1.58e+04 | g_dist: 1.2e+04 | f_sup: 1.71e+04 | g_sup: 1.13e+04        f(x) Accuracy | 1: 0.52 | 5: 0.55 | 10: 0.58 | half: 0.86        g(y) Accuracy | 1: 0.54 | 5: 0.58 | 10: 0.58 | half: 0.87
2020/07/29 20:05:09:     Epoch 353 Loss | total: 59929 | cycle: 3.81e+03 | f_dist: 1.58e+04 | g_dist: 1.2e+04 | f_sup: 1.71e+04 | g_sup: 1.13e+04        f(x) Accuracy | 1: 0.52 | 5: 0.55 | 10: 0.57 | half: 0.86        g(y) Accuracy | 1: 0.54 | 5: 0.58 | 10: 0.58 | half: 0.87
2020/07/29 20:05:10:     Epoch 355 Loss | total: 59535 | cycle: 3.6e+03 | f_dist: 1.58e+04 | g_dist: 1.19e+04 | f_sup: 1.71e+04 | g_sup: 1.12e+04        f(x) Accuracy | 1: 0.52 | 5: 0.55 | 10: 0.58 | half: 0.86        g(y) Accuracy | 1: 0.55 | 5: 0.58 | 10: 0.58 | half: 0.86
2020/07/29 20:05:11:     Epoch 357 Loss | total: 59857 | cycle: 4.12e+03 | f_dist: 1.57e+04 | g_dist: 1.19e+04 | f_sup: 1.7e+04 | g_sup: 1.11e+04        f(x) Accuracy | 1: 0.52 | 5: 0.55 | 10: 0.57 | half: 0.86        g(y) Accuracy | 1: 0.54 | 5: 0.58 | 10: 0.58 | half: 0.87
2020/07/29 20:05:12:     Epoch 359 Loss | total: 59407 | cycle: 3.77e+03 | f_dist: 1.57e+04 | g_dist: 1.19e+04 | f_sup: 1.69e+04 | g_sup: 1.11e+04        f(x) Accuracy | 1: 0.52 | 5: 0.55 | 10: 0.57 | half: 0.86        g(y) Accuracy | 1: 0.54 | 5: 0.58 | 10: 0.58 | half: 0.87
2020/07/29 20:05:13:     Epoch 361 Loss | total: 59779 | cycle: 4.22e+03 | f_dist: 1.57e+04 | g_dist: 1.19e+04 | f_sup: 1.69e+04 | g_sup: 1.11e+04        f(x) Accuracy | 1: 0.52 | 5: 0.55 | 10: 0.57 | half: 0.86        g(y) Accuracy | 1: 0.54 | 5: 0.58 | 10: 0.58 | half: 0.86
2020/07/29 20:05:14:     Epoch 363 Loss | total: 59343 | cycle: 3.99e+03 | f_dist: 1.57e+04 | g_dist: 1.19e+04 | f_sup: 1.68e+04 | g_sup: 1.11e+04        f(x) Accuracy | 1: 0.52 | 5: 0.55 | 10: 0.57 | half: 0.86        g(y) Accuracy | 1: 0.54 | 5: 0.58 | 10: 0.58 | half: 0.86
2020/07/29 20:05:14:     Epoch 365 Loss | total: 58697 | cycle: 3.46e+03 | f_dist: 1.56e+04 | g_dist: 1.19e+04 | f_sup: 1.68e+04 | g_sup: 1.1e+04        f(x) Accuracy | 1: 0.52 | 5: 0.55 | 10: 0.58 | half: 0.86        g(y) Accuracy | 1: 0.54 | 5: 0.58 | 10: 0.58 | half: 0.86
2020/07/29 20:05:15:     Epoch 367 Loss | total: 58452 | cycle: 3.33e+03 | f_dist: 1.56e+04 | g_dist: 1.18e+04 | f_sup: 1.67e+04 | g_sup: 1.1e+04        f(x) Accuracy | 1: 0.52 | 5: 0.55 | 10: 0.58 | half: 0.86        g(y) Accuracy | 1: 0.54 | 5: 0.58 | 10: 0.58 | half: 0.87
2020/07/29 20:05:16:     Epoch 369 Loss | total: 59183 | cycle: 4.11e+03 | f_dist: 1.56e+04 | g_dist: 1.18e+04 | f_sup: 1.67e+04 | g_sup: 1.1e+04        f(x) Accuracy | 1: 0.52 | 5: 0.55 | 10: 0.58 | half: 0.86        g(y) Accuracy | 1: 0.54 | 5: 0.58 | 10: 0.58 | half: 0.87
2020/07/29 20:05:17:     Epoch 371 Loss | total: 58034 | cycle: 3.12e+03 | f_dist: 1.55e+04 | g_dist: 1.18e+04 | f_sup: 1.66e+04 | g_sup: 1.09e+04        f(x) Accuracy | 1: 0.52 | 5: 0.55 | 10: 0.58 | half: 0.86        g(y) Accuracy | 1: 0.54 | 5: 0.58 | 10: 0.58 | half: 0.87
2020/07/29 20:05:18:     Epoch 373 Loss | total: 58897 | cycle: 4.05e+03 | f_dist: 1.55e+04 | g_dist: 1.18e+04 | f_sup: 1.67e+04 | g_sup: 1.09e+04        f(x) Accuracy | 1: 0.52 | 5: 0.55 | 10: 0.58 | half: 0.87        g(y) Accuracy | 1: 0.54 | 5: 0.58 | 10: 0.58 | half: 0.87
2020/07/29 20:05:19:     Epoch 375 Loss | total: 58558 | cycle: 3.79e+03 | f_dist: 1.55e+04 | g_dist: 1.18e+04 | f_sup: 1.66e+04 | g_sup: 1.08e+04        f(x) Accuracy | 1: 0.52 | 5: 0.55 | 10: 0.58 | half: 0.86        g(y) Accuracy | 1: 0.54 | 5: 0.58 | 10: 0.58 | half: 0.87
2020/07/29 20:05:20:     Epoch 377 Loss | total: 60103 | cycle: 5.44e+03 | f_dist: 1.55e+04 | g_dist: 1.17e+04 | f_sup: 1.66e+04 | g_sup: 1.08e+04        f(x) Accuracy | 1: 0.52 | 5: 0.55 | 10: 0.58 | half: 0.86        g(y) Accuracy | 1: 0.54 | 5: 0.58 | 10: 0.58 | half: 0.87
2020/07/29 20:05:21:     Epoch 379 Loss | total: 58291 | cycle: 3.69e+03 | f_dist: 1.55e+04 | g_dist: 1.17e+04 | f_sup: 1.65e+04 | g_sup: 1.09e+04        f(x) Accuracy | 1: 0.52 | 5: 0.55 | 10: 0.57 | half: 0.86        g(y) Accuracy | 1: 0.54 | 5: 0.58 | 10: 0.58 | half: 0.87
2020/07/29 20:05:22:     Epoch 381 Loss | total: 58539 | cycle: 3.88e+03 | f_dist: 1.54e+04 | g_dist: 1.18e+04 | f_sup: 1.65e+04 | g_sup: 1.09e+04        f(x) Accuracy | 1: 0.52 | 5: 0.55 | 10: 0.58 | half: 0.86        g(y) Accuracy | 1: 0.54 | 5: 0.58 | 10: 0.58 | half: 0.87
2020/07/29 20:05:23:     Epoch 383 Loss | total: 60199 | cycle: 5.66e+03 | f_dist: 1.54e+04 | g_dist: 1.18e+04 | f_sup: 1.65e+04 | g_sup: 1.09e+04        f(x) Accuracy | 1: 0.52 | 5: 0.55 | 10: 0.57 | half: 0.86        g(y) Accuracy | 1: 0.54 | 5: 0.58 | 10: 0.58 | half: 0.87
2020/07/29 20:05:23:     Epoch 385 Loss | total: 58292 | cycle: 3.84e+03 | f_dist: 1.54e+04 | g_dist: 1.17e+04 | f_sup: 1.65e+04 | g_sup: 1.08e+04        f(x) Accuracy | 1: 0.52 | 5: 0.55 | 10: 0.58 | half: 0.86        g(y) Accuracy | 1: 0.54 | 5: 0.58 | 10: 0.58 | half: 0.87
2020/07/29 20:05:24:     Epoch 387 Loss | total: 57651 | cycle: 3.26e+03 | f_dist: 1.54e+04 | g_dist: 1.17e+04 | f_sup: 1.65e+04 | g_sup: 1.08e+04        f(x) Accuracy | 1: 0.52 | 5: 0.55 | 10: 0.58 | half: 0.86        g(y) Accuracy | 1: 0.55 | 5: 0.58 | 10: 0.58 | half: 0.87
2020/07/29 20:05:25:     Epoch 389 Loss | total: 58027 | cycle: 3.72e+03 | f_dist: 1.54e+04 | g_dist: 1.17e+04 | f_sup: 1.64e+04 | g_sup: 1.08e+04        f(x) Accuracy | 1: 0.52 | 5: 0.55 | 10: 0.57 | half: 0.86        g(y) Accuracy | 1: 0.55 | 5: 0.58 | 10: 0.58 | half: 0.87
2020/07/29 20:05:26:     Epoch 391 Loss | total: 57879 | cycle: 3.57e+03 | f_dist: 1.53e+04 | g_dist: 1.17e+04 | f_sup: 1.64e+04 | g_sup: 1.08e+04        f(x) Accuracy | 1: 0.52 | 5: 0.55 | 10: 0.57 | half: 0.86        g(y) Accuracy | 1: 0.55 | 5: 0.58 | 10: 0.58 | half: 0.87
2020/07/29 20:05:27:     Epoch 393 Loss | total: 59603 | cycle: 5.35e+03 | f_dist: 1.53e+04 | g_dist: 1.17e+04 | f_sup: 1.64e+04 | g_sup: 1.08e+04        f(x) Accuracy | 1: 0.52 | 5: 0.55 | 10: 0.58 | half: 0.86        g(y) Accuracy | 1: 0.54 | 5: 0.58 | 10: 0.58 | half: 0.87
2020/07/29 20:05:28:     Epoch 395 Loss | total: 58430 | cycle: 4.41e+03 | f_dist: 1.53e+04 | g_dist: 1.16e+04 | f_sup: 1.64e+04 | g_sup: 1.07e+04        f(x) Accuracy | 1: 0.52 | 5: 0.55 | 10: 0.57 | half: 0.86        g(y) Accuracy | 1: 0.55 | 5: 0.58 | 10: 0.58 | half: 0.87
2020/07/29 20:05:29:     Epoch 397 Loss | total: 58149 | cycle: 4.21e+03 | f_dist: 1.53e+04 | g_dist: 1.16e+04 | f_sup: 1.63e+04 | g_sup: 1.07e+04        f(x) Accuracy | 1: 0.52 | 5: 0.55 | 10: 0.58 | half: 0.86        g(y) Accuracy | 1: 0.55 | 5: 0.58 | 10: 0.58 | half: 0.87
2020/07/29 20:05:30:     Epoch 399 Loss | total: 57733 | cycle: 3.96e+03 | f_dist: 1.53e+04 | g_dist: 1.16e+04 | f_sup: 1.63e+04 | g_sup: 1.06e+04        f(x) Accuracy | 1: 0.52 | 5: 0.55 | 10: 0.57 | half: 0.86        g(y) Accuracy | 1: 0.55 | 5: 0.58 | 10: 0.58 | half: 0.87
2020/07/29 20:05:31:     Epoch 401 Loss | total: 58825 | cycle: 5.11e+03 | f_dist: 1.53e+04 | g_dist: 1.16e+04 | f_sup: 1.62e+04 | g_sup: 1.06e+04        f(x) Accuracy | 1: 0.52 | 5: 0.55 | 10: 0.58 | half: 0.86        g(y) Accuracy | 1: 0.54 | 5: 0.58 | 10: 0.58 | half: 0.87
2020/07/29 20:05:31:     Epoch 403 Loss | total: 57871 | cycle: 4.15e+03 | f_dist: 1.53e+04 | g_dist: 1.16e+04 | f_sup: 1.62e+04 | g_sup: 1.06e+04        f(x) Accuracy | 1: 0.52 | 5: 0.55 | 10: 0.58 | half: 0.86        g(y) Accuracy | 1: 0.54 | 5: 0.58 | 10: 0.58 | half: 0.87
2020/07/29 20:05:32:     Epoch 405 Loss | total: 56744 | cycle: 3.14e+03 | f_dist: 1.53e+04 | g_dist: 1.16e+04 | f_sup: 1.62e+04 | g_sup: 1.06e+04        f(x) Accuracy | 1: 0.52 | 5: 0.55 | 10: 0.58 | half: 0.86        g(y) Accuracy | 1: 0.55 | 5: 0.58 | 10: 0.58 | half: 0.87
2020/07/29 20:05:33:     Epoch 407 Loss | total: 57644 | cycle: 4.12e+03 | f_dist: 1.52e+04 | g_dist: 1.16e+04 | f_sup: 1.62e+04 | g_sup: 1.06e+04        f(x) Accuracy | 1: 0.52 | 5: 0.55 | 10: 0.58 | half: 0.86        g(y) Accuracy | 1: 0.55 | 5: 0.58 | 10: 0.58 | half: 0.87
2020/07/29 20:05:34:     Epoch 409 Loss | total: 56307 | cycle: 2.85e+03 | f_dist: 1.52e+04 | g_dist: 1.16e+04 | f_sup: 1.61e+04 | g_sup: 1.05e+04        f(x) Accuracy | 1: 0.53 | 5: 0.55 | 10: 0.58 | half: 0.86        g(y) Accuracy | 1: 0.55 | 5: 0.58 | 10: 0.59 | half: 0.87
2020/07/29 20:05:35:     Epoch 411 Loss | total: 57697 | cycle: 4.2e+03 | f_dist: 1.52e+04 | g_dist: 1.16e+04 | f_sup: 1.61e+04 | g_sup: 1.06e+04        f(x) Accuracy | 1: 0.52 | 5: 0.55 | 10: 0.58 | half: 0.87        g(y) Accuracy | 1: 0.55 | 5: 0.58 | 10: 0.59 | half: 0.87
2020/07/29 20:05:36:     Epoch 413 Loss | total: 57059 | cycle: 3.7e+03 | f_dist: 1.52e+04 | g_dist: 1.15e+04 | f_sup: 1.61e+04 | g_sup: 1.05e+04        f(x) Accuracy | 1: 0.53 | 5: 0.55 | 10: 0.58 | half: 0.86        g(y) Accuracy | 1: 0.55 | 5: 0.58 | 10: 0.58 | half: 0.87
2020/07/29 20:05:37:     Epoch 415 Loss | total: 57154 | cycle: 3.82e+03 | f_dist: 1.52e+04 | g_dist: 1.16e+04 | f_sup: 1.61e+04 | g_sup: 1.05e+04        f(x) Accuracy | 1: 0.52 | 5: 0.55 | 10: 0.58 | half: 0.86        g(y) Accuracy | 1: 0.55 | 5: 0.58 | 10: 0.58 | half: 0.87
2020/07/29 20:05:38:     Epoch 417 Loss | total: 57691 | cycle: 4.37e+03 | f_dist: 1.52e+04 | g_dist: 1.15e+04 | f_sup: 1.61e+04 | g_sup: 1.05e+04        f(x) Accuracy | 1: 0.52 | 5: 0.55 | 10: 0.57 | half: 0.86        g(y) Accuracy | 1: 0.55 | 5: 0.58 | 10: 0.59 | half: 0.87
