2020/07/28 20:14:26:     Epoch 1 Loss | total: 10999 | cycle: 850 | f_dist: 3.73e+03 | g_dist: 3.82e+03 | f_sup: 1.22e+03 | g_sup: 1.38e+03        f(x) Accuracy | 1: 0.00 | 5: 0.01 | 10: 0.02 | half: 0.54        g(y) Accuracy | 1: 0.00 | 5: 0.02 | 10: 0.03 | half: 0.51
2020/07/28 20:14:28:     Epoch 3 Loss | total: 8500.4 | cycle: 564 | f_dist: 3.3e+03 | g_dist: 3.36e+03 | f_sup: 639 | g_sup: 639        f(x) Accuracy | 1: 0.01 | 5: 0.04 | 10: 0.09 | half: 0.68        g(y) Accuracy | 1: 0.02 | 5: 0.05 | 10: 0.09 | half: 0.68
2020/07/28 20:14:29:     Epoch 5 Loss | total: 7474.6 | cycle: 465 | f_dist: 3.11e+03 | g_dist: 3.15e+03 | f_sup: 382 | g_sup: 369        f(x) Accuracy | 1: 0.05 | 5: 0.12 | 10: 0.19 | half: 0.81        g(y) Accuracy | 1: 0.05 | 5: 0.11 | 10: 0.15 | half: 0.78
2020/07/28 20:14:31:     Epoch 7 Loss | total: 6884.8 | cycle: 370 | f_dist: 3e+03 | g_dist: 3.01e+03 | f_sup: 264 | g_sup: 237        f(x) Accuracy | 1: 0.07 | 5: 0.18 | 10: 0.26 | half: 0.88        g(y) Accuracy | 1: 0.07 | 5: 0.15 | 10: 0.22 | half: 0.84
2020/07/28 20:14:32:     Epoch 9 Loss | total: 6584.2 | cycle: 349 | f_dist: 2.94e+03 | g_dist: 2.92e+03 | f_sup: 199 | g_sup: 172        f(x) Accuracy | 1: 0.10 | 5: 0.21 | 10: 0.30 | half: 0.90        g(y) Accuracy | 1: 0.09 | 5: 0.21 | 10: 0.29 | half: 0.89
2020/07/28 20:14:34:     Epoch 11 Loss | total: 6337 | cycle: 290 | f_dist: 2.89e+03 | g_dist: 2.86e+03 | f_sup: 157 | g_sup: 132        f(x) Accuracy | 1: 0.13 | 5: 0.25 | 10: 0.33 | half: 0.92        g(y) Accuracy | 1: 0.12 | 5: 0.25 | 10: 0.35 | half: 0.92
2020/07/28 20:14:35:     Epoch 13 Loss | total: 6139.9 | cycle: 226 | f_dist: 2.85e+03 | g_dist: 2.83e+03 | f_sup: 126 | g_sup: 109        f(x) Accuracy | 1: 0.16 | 5: 0.30 | 10: 0.39 | half: 0.93        g(y) Accuracy | 1: 0.15 | 5: 0.29 | 10: 0.39 | half: 0.93
2020/07/28 20:14:37:     Epoch 15 Loss | total: 6086.9 | cycle: 265 | f_dist: 2.81e+03 | g_dist: 2.81e+03 | f_sup: 108 | g_sup: 94.9        f(x) Accuracy | 1: 0.19 | 5: 0.34 | 10: 0.43 | half: 0.95        g(y) Accuracy | 1: 0.17 | 5: 0.34 | 10: 0.42 | half: 0.95
2020/07/28 20:14:39:     Epoch 17 Loss | total: 5947.9 | cycle: 211 | f_dist: 2.78e+03 | g_dist: 2.77e+03 | f_sup: 93.8 | g_sup: 84.5        f(x) Accuracy | 1: 0.22 | 5: 0.38 | 10: 0.47 | half: 0.96        g(y) Accuracy | 1: 0.20 | 5: 0.38 | 10: 0.47 | half: 0.96
2020/07/28 20:14:40:     Epoch 19 Loss | total: 5882.7 | cycle: 246 | f_dist: 2.74e+03 | g_dist: 2.74e+03 | f_sup: 82.9 | g_sup: 74.3        f(x) Accuracy | 1: 0.25 | 5: 0.45 | 10: 0.55 | half: 0.97        g(y) Accuracy | 1: 0.23 | 5: 0.42 | 10: 0.51 | half: 0.97
2020/07/28 20:14:42:     Epoch 21 Loss | total: 5751.6 | cycle: 202 | f_dist: 2.69e+03 | g_dist: 2.72e+03 | f_sup: 75.5 | g_sup: 68        f(x) Accuracy | 1: 0.31 | 5: 0.50 | 10: 0.61 | half: 0.97        g(y) Accuracy | 1: 0.26 | 5: 0.45 | 10: 0.55 | half: 0.98
2020/07/28 20:14:44:     Epoch 23 Loss | total: 5695.2 | cycle: 212 | f_dist: 2.66e+03 | g_dist: 2.69e+03 | f_sup: 70 | g_sup: 62.7        f(x) Accuracy | 1: 0.36 | 5: 0.55 | 10: 0.67 | half: 0.98        g(y) Accuracy | 1: 0.31 | 5: 0.51 | 10: 0.59 | half: 0.98
2020/07/28 20:14:45:     Epoch 25 Loss | total: 5559.7 | cycle: 180 | f_dist: 2.61e+03 | g_dist: 2.65e+03 | f_sup: 64.4 | g_sup: 57.5        f(x) Accuracy | 1: 0.43 | 5: 0.66 | 10: 0.72 | half: 0.99        g(y) Accuracy | 1: 0.40 | 5: 0.59 | 10: 0.67 | half: 0.98
2020/07/28 20:14:47:     Epoch 27 Loss | total: 5343.8 | cycle: 174 | f_dist: 2.5e+03 | g_dist: 2.56e+03 | f_sup: 52.7 | g_sup: 52.1        f(x) Accuracy | 1: 0.55 | 5: 0.76 | 10: 0.81 | half: 1.00        g(y) Accuracy | 1: 0.52 | 5: 0.71 | 10: 0.79 | half: 1.00
2020/07/28 20:14:48:     Epoch 29 Loss | total: 4741.6 | cycle: 161 | f_dist: 2.2e+03 | g_dist: 2.3e+03 | f_sup: 39.6 | g_sup: 41.7        f(x) Accuracy | 1: 0.78 | 5: 0.91 | 10: 0.94 | half: 1.00        g(y) Accuracy | 1: 0.74 | 5: 0.87 | 10: 0.92 | half: 1.00
2020/07/28 20:14:50:     Epoch 31 Loss | total: 2932.1 | cycle: 168 | f_dist: 1.3e+03 | g_dist: 1.41e+03 | f_sup: 30.6 | g_sup: 30.2        f(x) Accuracy | 1: 0.99 | 5: 1.00 | 10: 1.00 | half: 1.00        g(y) Accuracy | 1: 0.99 | 5: 1.00 | 10: 1.00 | half: 1.00
2020/07/28 20:14:52:     Epoch 33 Loss | total: 1498.7 | cycle: 132 | f_dist: 659 | g_dist: 663 | f_sup: 22.1 | g_sup: 22.6        f(x) Accuracy | 1: 1.00 | 5: 1.00 | 10: 1.00 | half: 1.00        g(y) Accuracy | 1: 1.00 | 5: 1.00 | 10: 1.00 | half: 1.00
2020/07/28 20:14:53:     Epoch 35 Loss | total: 886.01 | cycle: 101 | f_dist: 382 | g_dist: 367 | f_sup: 17.1 | g_sup: 18.1        f(x) Accuracy | 1: 1.00 | 5: 1.00 | 10: 1.00 | half: 1.00        g(y) Accuracy | 1: 1.00 | 5: 1.00 | 10: 1.00 | half: 1.00
2020/07/28 20:14:55:     Epoch 37 Loss | total: 571.39 | cycle: 67.3 | f_dist: 241 | g_dist: 234 | f_sup: 14.1 | g_sup: 14.9        f(x) Accuracy | 1: 1.00 | 5: 1.00 | 10: 1.00 | half: 1.00        g(y) Accuracy | 1: 1.00 | 5: 1.00 | 10: 1.00 | half: 1.00
2020/07/28 20:14:56:     Epoch 39 Loss | total: 379.52 | cycle: 41.6 | f_dist: 158 | g_dist: 155 | f_sup: 12 | g_sup: 12.6        f(x) Accuracy | 1: 1.00 | 5: 1.00 | 10: 1.00 | half: 1.00        g(y) Accuracy | 1: 1.00 | 5: 1.00 | 10: 1.00 | half: 1.00
2020/07/28 20:14:58:     Epoch 41 Loss | total: 250.39 | cycle: 26.3 | f_dist: 105 | g_dist: 100 | f_sup: 9.61 | g_sup: 8.94        f(x) Accuracy | 1: 1.00 | 5: 1.00 | 10: 1.00 | half: 1.00        g(y) Accuracy | 1: 1.00 | 5: 1.00 | 10: 1.00 | half: 1.00
