2020/07/29 19:23:44:     Epoch 1 Loss | total: 3565 | cycle: 127 | f_dist: 262 | g_dist: 319 | f_sup: 1.28e+03 | g_sup: 1.58e+03        f(x) Accuracy | 1: 0.00 | 5: 0.01 | 10: 0.02 | half: 0.55        g(y) Accuracy | 1: 0.00 | 5: 0.00 | 10: 0.01 | half: 0.48
2020/07/29 19:23:45:     Epoch 3 Loss | total: 791.07 | cycle: 67.1 | f_dist: 220 | g_dist: 225 | f_sup: 155 | g_sup: 124        f(x) Accuracy | 1: 0.01 | 5: 0.06 | 10: 0.12 | half: 0.79        g(y) Accuracy | 1: 0.01 | 5: 0.05 | 10: 0.10 | half: 0.74
2020/07/29 19:23:45:     Epoch 5 Loss | total: 534.3 | cycle: 51.3 | f_dist: 175 | g_dist: 166 | f_sup: 63.4 | g_sup: 78.7        f(x) Accuracy | 1: 0.02 | 5: 0.10 | 10: 0.17 | half: 0.81        g(y) Accuracy | 1: 0.02 | 5: 0.11 | 10: 0.18 | half: 0.79
2020/07/29 19:23:46:     Epoch 7 Loss | total: 440.11 | cycle: 30.6 | f_dist: 160 | g_dist: 163 | f_sup: 51.1 | g_sup: 35.7        f(x) Accuracy | 1: 0.03 | 5: 0.13 | 10: 0.20 | half: 0.83        g(y) Accuracy | 1: 0.03 | 5: 0.12 | 10: 0.18 | half: 0.81
2020/07/29 19:23:47:     Epoch 9 Loss | total: 401.91 | cycle: 18.2 | f_dist: 150 | g_dist: 155 | f_sup: 50 | g_sup: 28.5        f(x) Accuracy | 1: 0.05 | 5: 0.14 | 10: 0.22 | half: 0.85        g(y) Accuracy | 1: 0.04 | 5: 0.15 | 10: 0.21 | half: 0.85
2020/07/29 19:23:47:     Epoch 11 Loss | total: 389.9 | cycle: 14.6 | f_dist: 146 | g_dist: 152 | f_sup: 21.4 | g_sup: 55.5        f(x) Accuracy | 1: 0.06 | 5: 0.13 | 10: 0.22 | half: 0.87        g(y) Accuracy | 1: 0.05 | 5: 0.15 | 10: 0.21 | half: 0.86
2020/07/29 19:23:48:     Epoch 13 Loss | total: 398.12 | cycle: 18.2 | f_dist: 142 | g_dist: 152 | f_sup: 14 | g_sup: 71.9        f(x) Accuracy | 1: 0.05 | 5: 0.15 | 10: 0.23 | half: 0.88        g(y) Accuracy | 1: 0.06 | 5: 0.18 | 10: 0.24 | half: 0.88
2020/07/29 19:23:49:     Epoch 15 Loss | total: 352.59 | cycle: 7.09 | f_dist: 141 | g_dist: 144 | f_sup: 32.2 | g_sup: 28.8        f(x) Accuracy | 1: 0.07 | 5: 0.16 | 10: 0.25 | half: 0.90        g(y) Accuracy | 1: 0.07 | 5: 0.18 | 10: 0.26 | half: 0.89
2020/07/29 19:23:49:     Epoch 17 Loss | total: 363.43 | cycle: 6.23 | f_dist: 139 | g_dist: 143 | f_sup: 30.7 | g_sup: 44.1        f(x) Accuracy | 1: 0.07 | 5: 0.16 | 10: 0.25 | half: 0.92        g(y) Accuracy | 1: 0.07 | 5: 0.18 | 10: 0.28 | half: 0.90
2020/07/29 19:23:50:     Epoch 19 Loss | total: 343.64 | cycle: 5.29 | f_dist: 137 | g_dist: 144 | f_sup: 20.7 | g_sup: 36.8        f(x) Accuracy | 1: 0.06 | 5: 0.19 | 10: 0.28 | half: 0.92        g(y) Accuracy | 1: 0.07 | 5: 0.19 | 10: 0.28 | half: 0.92
2020/07/29 19:23:51:     Epoch 21 Loss | total: 351.93 | cycle: 6.71 | f_dist: 137 | g_dist: 141 | f_sup: 49.4 | g_sup: 17.8        f(x) Accuracy | 1: 0.06 | 5: 0.20 | 10: 0.29 | half: 0.92        g(y) Accuracy | 1: 0.09 | 5: 0.23 | 10: 0.31 | half: 0.92
2020/07/29 19:23:51:     Epoch 23 Loss | total: 365.24 | cycle: 8.32 | f_dist: 137 | g_dist: 140 | f_sup: 54.2 | g_sup: 25.5        f(x) Accuracy | 1: 0.09 | 5: 0.20 | 10: 0.31 | half: 0.92        g(y) Accuracy | 1: 0.09 | 5: 0.23 | 10: 0.34 | half: 0.92
2020/07/29 19:23:52:     Epoch 25 Loss | total: 316.41 | cycle: 4.94 | f_dist: 134 | g_dist: 139 | f_sup: 11.1 | g_sup: 27.1        f(x) Accuracy | 1: 0.09 | 5: 0.21 | 10: 0.34 | half: 0.93        g(y) Accuracy | 1: 0.09 | 5: 0.24 | 10: 0.34 | half: 0.93
2020/07/29 19:23:53:     Epoch 27 Loss | total: 292.24 | cycle: 3.3 | f_dist: 132 | g_dist: 136 | f_sup: 8.22 | g_sup: 12.5        f(x) Accuracy | 1: 0.10 | 5: 0.23 | 10: 0.36 | half: 0.94        g(y) Accuracy | 1: 0.09 | 5: 0.25 | 10: 0.34 | half: 0.93
2020/07/29 19:23:54:     Epoch 29 Loss | total: 282.66 | cycle: 2.36 | f_dist: 131 | g_dist: 133 | f_sup: 5.51 | g_sup: 10        f(x) Accuracy | 1: 0.10 | 5: 0.26 | 10: 0.38 | half: 0.95        g(y) Accuracy | 1: 0.10 | 5: 0.27 | 10: 0.35 | half: 0.93
2020/07/29 19:23:54:     Epoch 31 Loss | total: 278.95 | cycle: 1.71 | f_dist: 131 | g_dist: 133 | f_sup: 5.68 | g_sup: 8.1        f(x) Accuracy | 1: 0.10 | 5: 0.28 | 10: 0.39 | half: 0.95        g(y) Accuracy | 1: 0.10 | 5: 0.27 | 10: 0.36 | half: 0.93
2020/07/29 19:23:55:     Epoch 33 Loss | total: 278.68 | cycle: 2.14 | f_dist: 129 | g_dist: 132 | f_sup: 7.76 | g_sup: 7.39        f(x) Accuracy | 1: 0.11 | 5: 0.30 | 10: 0.39 | half: 0.95        g(y) Accuracy | 1: 0.10 | 5: 0.28 | 10: 0.36 | half: 0.93
2020/07/29 19:23:56:     Epoch 35 Loss | total: 278.84 | cycle: 1.85 | f_dist: 128 | g_dist: 131 | f_sup: 11.6 | g_sup: 6.61        f(x) Accuracy | 1: 0.12 | 5: 0.30 | 10: 0.40 | half: 0.95        g(y) Accuracy | 1: 0.11 | 5: 0.28 | 10: 0.37 | half: 0.94
2020/07/29 19:23:56:     Epoch 37 Loss | total: 278.46 | cycle: 2.26 | f_dist: 126 | g_dist: 131 | f_sup: 12.8 | g_sup: 6.18        f(x) Accuracy | 1: 0.12 | 5: 0.31 | 10: 0.40 | half: 0.96        g(y) Accuracy | 1: 0.11 | 5: 0.29 | 10: 0.37 | half: 0.94
2020/07/29 19:23:57:     Epoch 39 Loss | total: 274.16 | cycle: 2.67 | f_dist: 125 | g_dist: 130 | f_sup: 9.59 | g_sup: 6.52        f(x) Accuracy | 1: 0.13 | 5: 0.32 | 10: 0.41 | half: 0.96        g(y) Accuracy | 1: 0.13 | 5: 0.29 | 10: 0.38 | half: 0.95
2020/07/29 19:23:58:     Epoch 41 Loss | total: 269.46 | cycle: 1.7 | f_dist: 124 | g_dist: 131 | f_sup: 6.74 | g_sup: 6.78        f(x) Accuracy | 1: 0.14 | 5: 0.32 | 10: 0.42 | half: 0.96        g(y) Accuracy | 1: 0.14 | 5: 0.30 | 10: 0.39 | half: 0.95
2020/07/29 19:23:58:     Epoch 43 Loss | total: 269.25 | cycle: 1.82 | f_dist: 123 | g_dist: 130 | f_sup: 6.63 | g_sup: 7.65        f(x) Accuracy | 1: 0.13 | 5: 0.33 | 10: 0.42 | half: 0.96        g(y) Accuracy | 1: 0.14 | 5: 0.31 | 10: 0.41 | half: 0.95
2020/07/29 19:23:59:     Epoch 45 Loss | total: 272.82 | cycle: 2.33 | f_dist: 122 | g_dist: 130 | f_sup: 6.85 | g_sup: 11.6        f(x) Accuracy | 1: 0.13 | 5: 0.34 | 10: 0.43 | half: 0.96        g(y) Accuracy | 1: 0.14 | 5: 0.32 | 10: 0.41 | half: 0.95
2020/07/29 19:24:00:     Epoch 47 Loss | total: 286.69 | cycle: 2.59 | f_dist: 122 | g_dist: 130 | f_sup: 8.14 | g_sup: 23.8        f(x) Accuracy | 1: 0.15 | 5: 0.35 | 10: 0.45 | half: 0.96        g(y) Accuracy | 1: 0.15 | 5: 0.33 | 10: 0.42 | half: 0.96
2020/07/29 19:24:00:     Epoch 49 Loss | total: 301.6 | cycle: 4.2 | f_dist: 122 | g_dist: 131 | f_sup: 10.7 | g_sup: 34.2        f(x) Accuracy | 1: 0.15 | 5: 0.35 | 10: 0.47 | half: 0.96        g(y) Accuracy | 1: 0.15 | 5: 0.34 | 10: 0.43 | half: 0.96
2020/07/29 19:24:01:     Epoch 51 Loss | total: 286.68 | cycle: 4.04 | f_dist: 121 | g_dist: 129 | f_sup: 15.5 | g_sup: 16.8        f(x) Accuracy | 1: 0.16 | 5: 0.37 | 10: 0.48 | half: 0.96        g(y) Accuracy | 1: 0.17 | 5: 0.35 | 10: 0.44 | half: 0.97
2020/07/29 19:24:02:     Epoch 53 Loss | total: 281.73 | cycle: 3.09 | f_dist: 122 | g_dist: 127 | f_sup: 19.2 | g_sup: 10.5        f(x) Accuracy | 1: 0.18 | 5: 0.39 | 10: 0.48 | half: 0.96        g(y) Accuracy | 1: 0.19 | 5: 0.38 | 10: 0.46 | half: 0.97
2020/07/29 19:24:02:     Epoch 55 Loss | total: 270.39 | cycle: 2.6 | f_dist: 120 | g_dist: 126 | f_sup: 13.8 | g_sup: 7.37        f(x) Accuracy | 1: 0.18 | 5: 0.40 | 10: 0.50 | half: 0.96        g(y) Accuracy | 1: 0.20 | 5: 0.38 | 10: 0.46 | half: 0.97
2020/07/29 19:24:03:     Epoch 57 Loss | total: 260.61 | cycle: 2.13 | f_dist: 118 | g_dist: 125 | f_sup: 9.19 | g_sup: 6.24        f(x) Accuracy | 1: 0.21 | 5: 0.42 | 10: 0.52 | half: 0.96        g(y) Accuracy | 1: 0.20 | 5: 0.38 | 10: 0.48 | half: 0.97
2020/07/29 19:24:04:     Epoch 59 Loss | total: 265.54 | cycle: 2.69 | f_dist: 117 | g_dist: 124 | f_sup: 12.7 | g_sup: 9.23        f(x) Accuracy | 1: 0.22 | 5: 0.42 | 10: 0.52 | half: 0.97        g(y) Accuracy | 1: 0.21 | 5: 0.38 | 10: 0.49 | half: 0.97
2020/07/29 19:24:04:     Epoch 61 Loss | total: 273.39 | cycle: 3.59 | f_dist: 117 | g_dist: 123 | f_sup: 16.7 | g_sup: 12.9        f(x) Accuracy | 1: 0.23 | 5: 0.43 | 10: 0.55 | half: 0.97        g(y) Accuracy | 1: 0.22 | 5: 0.40 | 10: 0.50 | half: 0.97
2020/07/29 19:24:05:     Epoch 63 Loss | total: 264.07 | cycle: 2.44 | f_dist: 115 | g_dist: 122 | f_sup: 12.3 | g_sup: 11.7        f(x) Accuracy | 1: 0.24 | 5: 0.45 | 10: 0.55 | half: 0.97        g(y) Accuracy | 1: 0.24 | 5: 0.41 | 10: 0.52 | half: 0.97
2020/07/29 19:24:06:     Epoch 65 Loss | total: 254.96 | cycle: 2.37 | f_dist: 114 | g_dist: 121 | f_sup: 6.74 | g_sup: 11.5        f(x) Accuracy | 1: 0.27 | 5: 0.47 | 10: 0.56 | half: 0.97        g(y) Accuracy | 1: 0.24 | 5: 0.43 | 10: 0.55 | half: 0.97
2020/07/29 19:24:06:     Epoch 67 Loss | total: 252.21 | cycle: 3.49 | f_dist: 112 | g_dist: 119 | f_sup: 5 | g_sup: 13.6        f(x) Accuracy | 1: 0.30 | 5: 0.49 | 10: 0.58 | half: 0.97        g(y) Accuracy | 1: 0.26 | 5: 0.45 | 10: 0.57 | half: 0.97
2020/07/29 19:24:07:     Epoch 69 Loss | total: 249.41 | cycle: 4.47 | f_dist: 109 | g_dist: 116 | f_sup: 5.67 | g_sup: 13.5        f(x) Accuracy | 1: 0.33 | 5: 0.51 | 10: 0.60 | half: 0.97        g(y) Accuracy | 1: 0.28 | 5: 0.50 | 10: 0.58 | half: 0.97
2020/07/29 19:24:08:     Epoch 71 Loss | total: 241.88 | cycle: 3.68 | f_dist: 106 | g_dist: 114 | f_sup: 8.18 | g_sup: 10.8        f(x) Accuracy | 1: 0.36 | 5: 0.53 | 10: 0.62 | half: 0.98        g(y) Accuracy | 1: 0.30 | 5: 0.51 | 10: 0.59 | half: 0.98
2020/07/29 19:24:08:     Epoch 73 Loss | total: 232.6 | cycle: 2.54 | f_dist: 102 | g_dist: 110 | f_sup: 8.6 | g_sup: 9.07        f(x) Accuracy | 1: 0.38 | 5: 0.55 | 10: 0.64 | half: 0.98        g(y) Accuracy | 1: 0.34 | 5: 0.54 | 10: 0.61 | half: 0.98
2020/07/29 19:24:09:     Epoch 75 Loss | total: 221.81 | cycle: 2.01 | f_dist: 99.5 | g_dist: 105 | f_sup: 6.33 | g_sup: 8.68        f(x) Accuracy | 1: 0.40 | 5: 0.56 | 10: 0.65 | half: 0.98        g(y) Accuracy | 1: 0.38 | 5: 0.55 | 10: 0.63 | half: 0.97
2020/07/29 19:24:10:     Epoch 77 Loss | total: 218.26 | cycle: 1.31 | f_dist: 97.7 | g_dist: 103 | f_sup: 5.37 | g_sup: 11.4        f(x) Accuracy | 1: 0.41 | 5: 0.58 | 10: 0.66 | half: 0.98        g(y) Accuracy | 1: 0.38 | 5: 0.58 | 10: 0.64 | half: 0.98
2020/07/29 19:24:10:     Epoch 79 Loss | total: 216.92 | cycle: 1.94 | f_dist: 95.2 | g_dist: 99.9 | f_sup: 5.32 | g_sup: 14.6        f(x) Accuracy | 1: 0.43 | 5: 0.59 | 10: 0.66 | half: 0.98        g(y) Accuracy | 1: 0.41 | 5: 0.58 | 10: 0.66 | half: 0.98
2020/07/29 19:24:11:     Epoch 81 Loss | total: 212.01 | cycle: 1.74 | f_dist: 93.2 | g_dist: 98.9 | f_sup: 5.3 | g_sup: 12.9        f(x) Accuracy | 1: 0.44 | 5: 0.61 | 10: 0.68 | half: 0.99        g(y) Accuracy | 1: 0.42 | 5: 0.59 | 10: 0.67 | half: 0.98
2020/07/29 19:24:12:     Epoch 83 Loss | total: 203.09 | cycle: 1.3 | f_dist: 92.5 | g_dist: 97.6 | f_sup: 5.12 | g_sup: 6.56        f(x) Accuracy | 1: 0.45 | 5: 0.61 | 10: 0.68 | half: 0.99        g(y) Accuracy | 1: 0.42 | 5: 0.60 | 10: 0.68 | half: 0.99
2020/07/29 19:24:12:     Epoch 85 Loss | total: 198.95 | cycle: 1.35 | f_dist: 91.7 | g_dist: 95.9 | f_sup: 5.81 | g_sup: 4.2        f(x) Accuracy | 1: 0.45 | 5: 0.62 | 10: 0.70 | half: 0.99        g(y) Accuracy | 1: 0.44 | 5: 0.60 | 10: 0.68 | half: 0.99
2020/07/29 19:24:13:     Epoch 87 Loss | total: 200.51 | cycle: 1.72 | f_dist: 91.5 | g_dist: 94.7 | f_sup: 7.38 | g_sup: 5.26        f(x) Accuracy | 1: 0.46 | 5: 0.62 | 10: 0.69 | half: 0.99        g(y) Accuracy | 1: 0.45 | 5: 0.61 | 10: 0.69 | half: 0.99
2020/07/29 19:24:14:     Epoch 89 Loss | total: 203.29 | cycle: 2.44 | f_dist: 91.2 | g_dist: 93.1 | f_sup: 8.99 | g_sup: 7.53        f(x) Accuracy | 1: 0.47 | 5: 0.62 | 10: 0.69 | half: 1.00        g(y) Accuracy | 1: 0.46 | 5: 0.62 | 10: 0.69 | half: 0.99
2020/07/29 19:24:14:     Epoch 91 Loss | total: 205.25 | cycle: 2.59 | f_dist: 90.7 | g_dist: 91.8 | f_sup: 10.4 | g_sup: 9.72        f(x) Accuracy | 1: 0.47 | 5: 0.63 | 10: 0.70 | half: 1.00        g(y) Accuracy | 1: 0.47 | 5: 0.62 | 10: 0.69 | half: 0.99
2020/07/29 19:24:15:     Epoch 93 Loss | total: 203.14 | cycle: 2.43 | f_dist: 89.6 | g_dist: 91.1 | f_sup: 10.3 | g_sup: 9.72        f(x) Accuracy | 1: 0.47 | 5: 0.64 | 10: 0.70 | half: 1.00        g(y) Accuracy | 1: 0.47 | 5: 0.62 | 10: 0.69 | half: 0.99
2020/07/29 19:24:16:     Epoch 95 Loss | total: 198.62 | cycle: 2.38 | f_dist: 88.5 | g_dist: 90.3 | f_sup: 9.41 | g_sup: 8.02        f(x) Accuracy | 1: 0.48 | 5: 0.65 | 10: 0.71 | half: 1.00        g(y) Accuracy | 1: 0.47 | 5: 0.62 | 10: 0.69 | half: 0.99
2020/07/29 19:24:16:     Epoch 97 Loss | total: 195.83 | cycle: 2.29 | f_dist: 87.9 | g_dist: 89.8 | f_sup: 9.2 | g_sup: 6.65        f(x) Accuracy | 1: 0.50 | 5: 0.65 | 10: 0.72 | half: 1.00        g(y) Accuracy | 1: 0.47 | 5: 0.63 | 10: 0.71 | half: 1.00
2020/07/29 19:24:17:     Epoch 99 Loss | total: 194.48 | cycle: 2.08 | f_dist: 87.5 | g_dist: 89.2 | f_sup: 9.34 | g_sup: 6.41        f(x) Accuracy | 1: 0.50 | 5: 0.66 | 10: 0.73 | half: 1.00        g(y) Accuracy | 1: 0.47 | 5: 0.63 | 10: 0.71 | half: 1.00
2020/07/29 19:24:18:     Epoch 101 Loss | total: 194.27 | cycle: 1.7 | f_dist: 87.5 | g_dist: 88.6 | f_sup: 9.58 | g_sup: 6.87        f(x) Accuracy | 1: 0.50 | 5: 0.66 | 10: 0.73 | half: 0.99        g(y) Accuracy | 1: 0.48 | 5: 0.63 | 10: 0.72 | half: 1.00
2020/07/29 19:24:18:     Epoch 103 Loss | total: 192.47 | cycle: 2.21 | f_dist: 87.2 | g_dist: 88 | f_sup: 8.09 | g_sup: 7.04        f(x) Accuracy | 1: 0.51 | 5: 0.66 | 10: 0.73 | half: 0.99        g(y) Accuracy | 1: 0.49 | 5: 0.64 | 10: 0.71 | half: 1.00
2020/07/29 19:24:19:     Epoch 105 Loss | total: 189.23 | cycle: 1.75 | f_dist: 86.9 | g_dist: 87.6 | f_sup: 6.18 | g_sup: 6.86        f(x) Accuracy | 1: 0.51 | 5: 0.67 | 10: 0.74 | half: 0.99        g(y) Accuracy | 1: 0.48 | 5: 0.64 | 10: 0.71 | half: 1.00
2020/07/29 19:24:20:     Epoch 107 Loss | total: 186.65 | cycle: 1.72 | f_dist: 86.5 | g_dist: 87 | f_sup: 4.89 | g_sup: 6.56        f(x) Accuracy | 1: 0.50 | 5: 0.67 | 10: 0.74 | half: 0.99        g(y) Accuracy | 1: 0.48 | 5: 0.64 | 10: 0.71 | half: 0.99
2020/07/29 19:24:20:     Epoch 109 Loss | total: 186.09 | cycle: 2.27 | f_dist: 85.8 | g_dist: 86.8 | f_sup: 5.23 | g_sup: 5.94        f(x) Accuracy | 1: 0.50 | 5: 0.67 | 10: 0.74 | half: 0.99        g(y) Accuracy | 1: 0.49 | 5: 0.65 | 10: 0.71 | half: 0.99
2020/07/29 19:24:21:     Epoch 111 Loss | total: 186.56 | cycle: 2.07 | f_dist: 85.5 | g_dist: 87.1 | f_sup: 6.31 | g_sup: 5.58        f(x) Accuracy | 1: 0.49 | 5: 0.68 | 10: 0.75 | half: 1.00        g(y) Accuracy | 1: 0.48 | 5: 0.65 | 10: 0.71 | half: 0.99
2020/07/29 19:24:22:     Epoch 113 Loss | total: 188.16 | cycle: 2.08 | f_dist: 85 | g_dist: 87.4 | f_sup: 7.9 | g_sup: 5.77        f(x) Accuracy | 1: 0.50 | 5: 0.68 | 10: 0.76 | half: 1.00        g(y) Accuracy | 1: 0.49 | 5: 0.66 | 10: 0.70 | half: 0.99
